<?xml version="1.0" encoding="UTF-8" ?>
<testsuite tests="7" failures="0" name="com.ikanow.aleph2.data_import.services.TestHarvestContext" time="2.918" errors="7" skipped="0">
  <properties>
    <property name="java.runtime.name" value="Java(TM) SE Runtime Environment"/>
    <property name="sun.boot.library.path" value="C:\Program Files\Java\jdk1.8.0_45\jre\bin"/>
    <property name="java.vm.version" value="25.45-b02"/>
    <property name="java.vm.vendor" value="Oracle Corporation"/>
    <property name="java.vendor.url" value="http://java.oracle.com/"/>
    <property name="path.separator" value=";"/>
    <property name="guice.disable.misplaced.annotation.check" value="true"/>
    <property name="java.vm.name" value="Java HotSpot(TM) 64-Bit Server VM"/>
    <property name="file.encoding.pkg" value="sun.io"/>
    <property name="user.script" value=""/>
    <property name="user.country" value="US"/>
    <property name="sun.java.launcher" value="SUN_STANDARD"/>
    <property name="sun.os.patch.level" value=""/>
    <property name="java.vm.specification.name" value="Java Virtual Machine Specification"/>
    <property name="user.dir" value="C:\Users\Alex\git\Aleph2\aleph2_harvest_context_library"/>
    <property name="java.runtime.version" value="1.8.0_45-b15"/>
    <property name="java.awt.graphicsenv" value="sun.awt.Win32GraphicsEnvironment"/>
    <property name="java.endorsed.dirs" value="C:\Program Files\Java\jdk1.8.0_45\jre\lib\endorsed"/>
    <property name="os.arch" value="amd64"/>
    <property name="java.io.tmpdir" value="C:\Users\Alex\AppData\Local\Temp\"/>
    <property name="line.separator" value="
"/>
    <property name="java.vm.specification.vendor" value="Oracle Corporation"/>
    <property name="user.variant" value=""/>
    <property name="os.name" value="Windows 8.1"/>
    <property name="classworlds.conf" value="S:\Users\Alex\Documents\workspace\.metadata\.plugins\org.eclipse.m2e.launching\launches\m2conf259017861992984963.tmp"/>
    <property name="sun.jnu.encoding" value="Cp1252"/>
    <property name="java.library.path" value="C:\Users\Alex\git\Aleph2-contrib\aleph2_storage_service_hdfs\win_hadoop_home\bin\hadoop.dll"/>
    <property name="hadoop.home.dir" value="C:\Users\Alex\git\Aleph2-contrib\aleph2_storage_service_hdfs\win_hadoop_home"/>
    <property name="java.specification.name" value="Java Platform API Specification"/>
    <property name="java.class.version" value="52.0"/>
    <property name="sun.management.compiler" value="HotSpot 64-Bit Tiered Compilers"/>
    <property name="os.version" value="6.3"/>
    <property name="user.home" value="C:\Users\Alex"/>
    <property name="user.timezone" value="America/New_York"/>
    <property name="java.awt.printerjob" value="sun.awt.windows.WPrinterJob"/>
    <property name="java.specification.version" value="1.8"/>
    <property name="file.encoding" value="Cp1252"/>
    <property name="user.name" value="Alex"/>
    <property name="java.class.path" value="/S:/Users/Alex/Documents/eclipses/eclipse/plugins/org.eclipse.m2e.maven.runtime_1.5.0.20140605-2032/jars/plexus-classworlds-2.5.1.jar"/>
    <property name="org.slf4j.simpleLogger.defaultLogLevel" value="info"/>
    <property name="java.vm.specification.version" value="1.8"/>
    <property name="sun.arch.data.model" value="64"/>
    <property name="java.home" value="C:\Program Files\Java\jdk1.8.0_45\jre"/>
    <property name="sun.java.command" value="org.codehaus.plexus.classworlds.launcher.Launcher -B install"/>
    <property name="java.specification.vendor" value="Oracle Corporation"/>
    <property name="user.language" value="en"/>
    <property name="awt.toolkit" value="sun.awt.windows.WToolkit"/>
    <property name="java.vm.info" value="mixed mode"/>
    <property name="java.version" value="1.8.0_45"/>
    <property name="java.ext.dirs" value="C:\Program Files\Java\jdk1.8.0_45\jre\lib\ext;C:\windows\Sun\Java\lib\ext"/>
    <property name="sun.boot.class.path" value="C:\Program Files\Java\jdk1.8.0_45\jre\lib\resources.jar;C:\Program Files\Java\jdk1.8.0_45\jre\lib\rt.jar;C:\Program Files\Java\jdk1.8.0_45\jre\lib\sunrsasign.jar;C:\Program Files\Java\jdk1.8.0_45\jre\lib\jsse.jar;C:\Program Files\Java\jdk1.8.0_45\jre\lib\jce.jar;C:\Program Files\Java\jdk1.8.0_45\jre\lib\charsets.jar;C:\Program Files\Java\jdk1.8.0_45\jre\lib\jfr.jar;C:\Program Files\Java\jdk1.8.0_45\jre\classes"/>
    <property name="java.vendor" value="Oracle Corporation"/>
    <property name="maven.home" value="C:\Users\Alex\git\Aleph2\aleph2_harvest_context_library\EMBEDDED"/>
    <property name="file.separator" value="\"/>
    <property name="java.vendor.url.bug" value="http://bugreport.sun.com/bugreport/"/>
    <property name="sun.cpu.endian" value="little"/>
    <property name="sun.io.unicode.encoding" value="UnicodeLittle"/>
    <property name="sun.desktop" value="windows"/>
    <property name="sun.cpu.isalist" value="amd64"/>
  </properties>
  <testcase classname="com.ikanow.aleph2.data_import.services.TestHarvestContext" name="test_produceConsume" time="2.766">
    <error message="com/ikanow/aleph2/distributed_services/data_model/IJsonSerializable" type="java.lang.NoClassDefFoundError">java.lang.NoClassDefFoundError: com/ikanow/aleph2/distributed_services/data_model/IJsonSerializable
	at java.lang.ClassLoader.defineClass1(Native Method)
	at java.lang.ClassLoader.defineClass(ClassLoader.java:760)
	at java.security.SecureClassLoader.defineClass(SecureClassLoader.java:142)
	at java.net.URLClassLoader.defineClass(URLClassLoader.java:467)
	at java.net.URLClassLoader.access$100(URLClassLoader.java:73)
	at java.net.URLClassLoader$1.run(URLClassLoader.java:368)
	at java.net.URLClassLoader$1.run(URLClassLoader.java:362)
	at java.security.AccessController.doPrivileged(Native Method)
	at java.net.URLClassLoader.findClass(URLClassLoader.java:361)
	at java.lang.ClassLoader.loadClass(ClassLoader.java:424)
	at sun.misc.Launcher$AppClassLoader.loadClass(Launcher.java:331)
	at java.lang.ClassLoader.loadClass(ClassLoader.java:357)
	at java.lang.Class.getDeclaredConstructors0(Native Method)
	at java.lang.Class.privateGetDeclaredConstructors(Class.java:2671)
	at java.lang.Class.getDeclaredConstructors(Class.java:2020)
	at com.google.inject.spi.InjectionPoint.forConstructorOf(InjectionPoint.java:243)
	at com.google.inject.internal.ConstructorBindingImpl.create(ConstructorBindingImpl.java:96)
	at com.google.inject.internal.InjectorImpl.createUninitializedBinding(InjectorImpl.java:629)
	at com.google.inject.internal.UntargettedBindingProcessor$1.visit(UntargettedBindingProcessor.java:51)
	at com.google.inject.internal.UntargettedBindingProcessor$1.visit(UntargettedBindingProcessor.java:35)
	at com.google.inject.internal.UntargettedBindingImpl.acceptTargetVisitor(UntargettedBindingImpl.java:42)
	at com.google.inject.internal.UntargettedBindingProcessor.visit(UntargettedBindingProcessor.java:35)
	at com.google.inject.internal.UntargettedBindingProcessor.visit(UntargettedBindingProcessor.java:27)
	at com.google.inject.internal.BindingImpl.acceptVisitor(BindingImpl.java:93)
	at com.google.inject.internal.AbstractProcessor.process(AbstractProcessor.java:55)
	at com.google.inject.internal.InjectorShell$Builder.build(InjectorShell.java:178)
	at com.google.inject.internal.InternalInjectorCreator.build(InternalInjectorCreator.java:103)
	at com.google.inject.internal.InjectorImpl.createChildInjector(InjectorImpl.java:217)
	at com.ikanow.aleph2.data_model.utils.ModuleUtils.bindServiceEntry(ModuleUtils.java:239)
	at com.ikanow.aleph2.data_model.utils.ModuleUtils.lambda$loadServicesFromConfig$199(ModuleUtils.java:154)
	at com.ikanow.aleph2.data_model.utils.ModuleUtils$$Lambda$8/1970528559.accept(Unknown Source)
	at java.util.ArrayList$ArrayListSpliterator.forEachRemaining(ArrayList.java:1374)
	at java.util.stream.ReferencePipeline$Head.forEach(ReferencePipeline.java:580)
	at com.ikanow.aleph2.data_model.utils.ModuleUtils.loadServicesFromConfig(ModuleUtils.java:148)
	at com.ikanow.aleph2.data_model.utils.ModuleUtils.initialize(ModuleUtils.java:429)
	at com.ikanow.aleph2.data_model.utils.ModuleUtils.createInjector(ModuleUtils.java:449)
	at com.ikanow.aleph2.data_model.utils.ModuleUtils.createTestInjector(ModuleUtils.java:474)
	at com.ikanow.aleph2.data_import.services.TestHarvestContext.injectModules(TestHarvestContext.java:74)
	at sun.reflect.NativeMethodAccessorImpl.invoke0(Native Method)
	at sun.reflect.NativeMethodAccessorImpl.invoke(NativeMethodAccessorImpl.java:62)
	at sun.reflect.DelegatingMethodAccessorImpl.invoke(DelegatingMethodAccessorImpl.java:43)
	at java.lang.reflect.Method.invoke(Method.java:497)
	at org.junit.runners.model.FrameworkMethod$1.runReflectiveCall(FrameworkMethod.java:50)
	at org.junit.internal.runners.model.ReflectiveCallable.run(ReflectiveCallable.java:12)
	at org.junit.runners.model.FrameworkMethod.invokeExplosively(FrameworkMethod.java:47)
	at org.junit.internal.runners.statements.RunBefores.evaluate(RunBefores.java:24)
	at org.junit.runners.ParentRunner.runLeaf(ParentRunner.java:325)
	at org.junit.runners.BlockJUnit4ClassRunner.runChild(BlockJUnit4ClassRunner.java:78)
	at org.junit.runners.BlockJUnit4ClassRunner.runChild(BlockJUnit4ClassRunner.java:57)
	at org.junit.runners.ParentRunner$3.run(ParentRunner.java:290)
	at org.junit.runners.ParentRunner$1.schedule(ParentRunner.java:71)
	at org.junit.runners.ParentRunner.runChildren(ParentRunner.java:288)
	at org.junit.runners.ParentRunner.access$000(ParentRunner.java:58)
	at org.junit.runners.ParentRunner$2.evaluate(ParentRunner.java:268)
	at org.junit.runners.ParentRunner.run(ParentRunner.java:363)
	at org.apache.maven.surefire.junit4.JUnit4Provider.execute(JUnit4Provider.java:252)
	at org.apache.maven.surefire.junit4.JUnit4Provider.executeTestSet(JUnit4Provider.java:141)
	at org.apache.maven.surefire.junit4.JUnit4Provider.invoke(JUnit4Provider.java:112)
	at sun.reflect.NativeMethodAccessorImpl.invoke0(Native Method)
	at sun.reflect.NativeMethodAccessorImpl.invoke(NativeMethodAccessorImpl.java:62)
	at sun.reflect.DelegatingMethodAccessorImpl.invoke(DelegatingMethodAccessorImpl.java:43)
	at java.lang.reflect.Method.invoke(Method.java:497)
	at org.apache.maven.surefire.util.ReflectionUtils.invokeMethodWithArray(ReflectionUtils.java:189)
	at org.apache.maven.surefire.booter.ProviderFactory$ProviderProxy.invoke(ProviderFactory.java:165)
	at org.apache.maven.surefire.booter.ProviderFactory.invokeProvider(ProviderFactory.java:85)
	at org.apache.maven.surefire.booter.ForkedBooter.runSuitesInProcess(ForkedBooter.java:115)
	at org.apache.maven.surefire.booter.ForkedBooter.main(ForkedBooter.java:75)
Caused by: java.lang.ClassNotFoundException: com.ikanow.aleph2.distributed_services.data_model.IJsonSerializable
	at java.net.URLClassLoader.findClass(URLClassLoader.java:381)
	at java.lang.ClassLoader.loadClass(ClassLoader.java:424)
	at sun.misc.Launcher$AppClassLoader.loadClass(Launcher.java:331)
	at java.lang.ClassLoader.loadClass(ClassLoader.java:357)
	... 67 more
</error>
    <system-out>com/ikanow/aleph2/distributed_services/data_model/IJsonSerializable
</system-out>
    <system-err>ERROR StatusLogger No log4j2 configuration file found. Using default configuration: logging only errors to the console.
java.lang.NoClassDefFoundError: com/ikanow/aleph2/distributed_services/data_model/IJsonSerializable
	at java.lang.ClassLoader.defineClass1(Native Method)
	at java.lang.ClassLoader.defineClass(ClassLoader.java:760)
	at java.security.SecureClassLoader.defineClass(SecureClassLoader.java:142)
	at java.net.URLClassLoader.defineClass(URLClassLoader.java:467)
	at java.net.URLClassLoader.access$100(URLClassLoader.java:73)
	at java.net.URLClassLoader$1.run(URLClassLoader.java:368)
	at java.net.URLClassLoader$1.run(URLClassLoader.java:362)
	at java.security.AccessController.doPrivileged(Native Method)
	at java.net.URLClassLoader.findClass(URLClassLoader.java:361)
	at java.lang.ClassLoader.loadClass(ClassLoader.java:424)
	at sun.misc.Launcher$AppClassLoader.loadClass(Launcher.java:331)
	at java.lang.ClassLoader.loadClass(ClassLoader.java:357)
	at java.lang.Class.getDeclaredConstructors0(Native Method)
	at java.lang.Class.privateGetDeclaredConstructors(Class.java:2671)
	at java.lang.Class.getDeclaredConstructors(Class.java:2020)
	at com.google.inject.spi.InjectionPoint.forConstructorOf(InjectionPoint.java:243)
	at com.google.inject.internal.ConstructorBindingImpl.create(ConstructorBindingImpl.java:96)
	at com.google.inject.internal.InjectorImpl.createUninitializedBinding(InjectorImpl.java:629)
	at com.google.inject.internal.UntargettedBindingProcessor$1.visit(UntargettedBindingProcessor.java:51)
	at com.google.inject.internal.UntargettedBindingProcessor$1.visit(UntargettedBindingProcessor.java:35)
	at com.google.inject.internal.UntargettedBindingImpl.acceptTargetVisitor(UntargettedBindingImpl.java:42)
	at com.google.inject.internal.UntargettedBindingProcessor.visit(UntargettedBindingProcessor.java:35)
	at com.google.inject.internal.UntargettedBindingProcessor.visit(UntargettedBindingProcessor.java:27)
	at com.google.inject.internal.BindingImpl.acceptVisitor(BindingImpl.java:93)
	at com.google.inject.internal.AbstractProcessor.process(AbstractProcessor.java:55)
	at com.google.inject.internal.InjectorShell$Builder.build(InjectorShell.java:178)
	at com.google.inject.internal.InternalInjectorCreator.build(InternalInjectorCreator.java:103)
	at com.google.inject.internal.InjectorImpl.createChildInjector(InjectorImpl.java:217)
	at com.ikanow.aleph2.data_model.utils.ModuleUtils.bindServiceEntry(ModuleUtils.java:239)
	at com.ikanow.aleph2.data_model.utils.ModuleUtils.lambda$loadServicesFromConfig$199(ModuleUtils.java:154)
	at com.ikanow.aleph2.data_model.utils.ModuleUtils$$Lambda$8/1970528559.accept(Unknown Source)
	at java.util.ArrayList$ArrayListSpliterator.forEachRemaining(ArrayList.java:1374)
	at java.util.stream.ReferencePipeline$Head.forEach(ReferencePipeline.java:580)
	at com.ikanow.aleph2.data_model.utils.ModuleUtils.loadServicesFromConfig(ModuleUtils.java:148)
	at com.ikanow.aleph2.data_model.utils.ModuleUtils.initialize(ModuleUtils.java:429)
	at com.ikanow.aleph2.data_model.utils.ModuleUtils.createInjector(ModuleUtils.java:449)
	at com.ikanow.aleph2.data_model.utils.ModuleUtils.createTestInjector(ModuleUtils.java:474)
	at com.ikanow.aleph2.data_import.services.TestHarvestContext.injectModules(TestHarvestContext.java:74)
	at sun.reflect.NativeMethodAccessorImpl.invoke0(Native Method)
	at sun.reflect.NativeMethodAccessorImpl.invoke(NativeMethodAccessorImpl.java:62)
	at sun.reflect.DelegatingMethodAccessorImpl.invoke(DelegatingMethodAccessorImpl.java:43)
	at java.lang.reflect.Method.invoke(Method.java:497)
	at org.junit.runners.model.FrameworkMethod$1.runReflectiveCall(FrameworkMethod.java:50)
	at org.junit.internal.runners.model.ReflectiveCallable.run(ReflectiveCallable.java:12)
	at org.junit.runners.model.FrameworkMethod.invokeExplosively(FrameworkMethod.java:47)
	at org.junit.internal.runners.statements.RunBefores.evaluate(RunBefores.java:24)
	at org.junit.runners.ParentRunner.runLeaf(ParentRunner.java:325)
	at org.junit.runners.BlockJUnit4ClassRunner.runChild(BlockJUnit4ClassRunner.java:78)
	at org.junit.runners.BlockJUnit4ClassRunner.runChild(BlockJUnit4ClassRunner.java:57)
	at org.junit.runners.ParentRunner$3.run(ParentRunner.java:290)
	at org.junit.runners.ParentRunner$1.schedule(ParentRunner.java:71)
	at org.junit.runners.ParentRunner.runChildren(ParentRunner.java:288)
	at org.junit.runners.ParentRunner.access$000(ParentRunner.java:58)
	at org.junit.runners.ParentRunner$2.evaluate(ParentRunner.java:268)
	at org.junit.runners.ParentRunner.run(ParentRunner.java:363)
	at org.apache.maven.surefire.junit4.JUnit4Provider.execute(JUnit4Provider.java:252)
	at org.apache.maven.surefire.junit4.JUnit4Provider.executeTestSet(JUnit4Provider.java:141)
	at org.apache.maven.surefire.junit4.JUnit4Provider.invoke(JUnit4Provider.java:112)
	at sun.reflect.NativeMethodAccessorImpl.invoke0(Native Method)
	at sun.reflect.NativeMethodAccessorImpl.invoke(NativeMethodAccessorImpl.java:62)
	at sun.reflect.DelegatingMethodAccessorImpl.invoke(DelegatingMethodAccessorImpl.java:43)
	at java.lang.reflect.Method.invoke(Method.java:497)
	at org.apache.maven.surefire.util.ReflectionUtils.invokeMethodWithArray(ReflectionUtils.java:189)
	at org.apache.maven.surefire.booter.ProviderFactory$ProviderProxy.invoke(ProviderFactory.java:165)
	at org.apache.maven.surefire.booter.ProviderFactory.invokeProvider(ProviderFactory.java:85)
	at org.apache.maven.surefire.booter.ForkedBooter.runSuitesInProcess(ForkedBooter.java:115)
	at org.apache.maven.surefire.booter.ForkedBooter.main(ForkedBooter.java:75)
Caused by: java.lang.ClassNotFoundException: com.ikanow.aleph2.distributed_services.data_model.IJsonSerializable
	at java.net.URLClassLoader.findClass(URLClassLoader.java:381)
	at java.lang.ClassLoader.loadClass(ClassLoader.java:424)
	at sun.misc.Launcher$AppClassLoader.loadClass(Launcher.java:331)
	at java.lang.ClassLoader.loadClass(ClassLoader.java:357)
	... 67 more
</system-err>
  </testcase>
  <testcase classname="com.ikanow.aleph2.data_import.services.TestHarvestContext" name="test_misc" time="0.03">
    <error message="com/ikanow/aleph2/distributed_services/data_model/IJsonSerializable" type="java.lang.NoClassDefFoundError">java.lang.NoClassDefFoundError: com/ikanow/aleph2/distributed_services/data_model/IJsonSerializable
	at java.lang.ClassLoader.defineClass1(Native Method)
	at java.lang.ClassLoader.defineClass(ClassLoader.java:760)
	at java.security.SecureClassLoader.defineClass(SecureClassLoader.java:142)
	at java.net.URLClassLoader.defineClass(URLClassLoader.java:467)
	at java.net.URLClassLoader.access$100(URLClassLoader.java:73)
	at java.net.URLClassLoader$1.run(URLClassLoader.java:368)
	at java.net.URLClassLoader$1.run(URLClassLoader.java:362)
	at java.security.AccessController.doPrivileged(Native Method)
	at java.net.URLClassLoader.findClass(URLClassLoader.java:361)
	at java.lang.ClassLoader.loadClass(ClassLoader.java:424)
	at sun.misc.Launcher$AppClassLoader.loadClass(Launcher.java:331)
	at java.lang.ClassLoader.loadClass(ClassLoader.java:357)
	at java.lang.Class.getDeclaredConstructors0(Native Method)
	at java.lang.Class.privateGetDeclaredConstructors(Class.java:2671)
	at java.lang.Class.getDeclaredConstructors(Class.java:2020)
	at com.google.inject.spi.InjectionPoint.forConstructorOf(InjectionPoint.java:243)
	at com.google.inject.internal.ConstructorBindingImpl.create(ConstructorBindingImpl.java:96)
	at com.google.inject.internal.InjectorImpl.createUninitializedBinding(InjectorImpl.java:629)
	at com.google.inject.internal.UntargettedBindingProcessor$1.visit(UntargettedBindingProcessor.java:51)
	at com.google.inject.internal.UntargettedBindingProcessor$1.visit(UntargettedBindingProcessor.java:35)
	at com.google.inject.internal.UntargettedBindingImpl.acceptTargetVisitor(UntargettedBindingImpl.java:42)
	at com.google.inject.internal.UntargettedBindingProcessor.visit(UntargettedBindingProcessor.java:35)
	at com.google.inject.internal.UntargettedBindingProcessor.visit(UntargettedBindingProcessor.java:27)
	at com.google.inject.internal.BindingImpl.acceptVisitor(BindingImpl.java:93)
	at com.google.inject.internal.AbstractProcessor.process(AbstractProcessor.java:55)
	at com.google.inject.internal.InjectorShell$Builder.build(InjectorShell.java:178)
	at com.google.inject.internal.InternalInjectorCreator.build(InternalInjectorCreator.java:103)
	at com.google.inject.internal.InjectorImpl.createChildInjector(InjectorImpl.java:217)
	at com.ikanow.aleph2.data_model.utils.ModuleUtils.bindServiceEntry(ModuleUtils.java:239)
	at com.ikanow.aleph2.data_model.utils.ModuleUtils.lambda$loadServicesFromConfig$199(ModuleUtils.java:154)
	at com.ikanow.aleph2.data_model.utils.ModuleUtils$$Lambda$8/1970528559.accept(Unknown Source)
	at java.util.ArrayList$ArrayListSpliterator.forEachRemaining(ArrayList.java:1374)
	at java.util.stream.ReferencePipeline$Head.forEach(ReferencePipeline.java:580)
	at com.ikanow.aleph2.data_model.utils.ModuleUtils.loadServicesFromConfig(ModuleUtils.java:148)
	at com.ikanow.aleph2.data_model.utils.ModuleUtils.initialize(ModuleUtils.java:429)
	at com.ikanow.aleph2.data_model.utils.ModuleUtils.createInjector(ModuleUtils.java:449)
	at com.ikanow.aleph2.data_model.utils.ModuleUtils.createTestInjector(ModuleUtils.java:474)
	at com.ikanow.aleph2.data_import.services.TestHarvestContext.injectModules(TestHarvestContext.java:74)
	at sun.reflect.NativeMethodAccessorImpl.invoke0(Native Method)
	at sun.reflect.NativeMethodAccessorImpl.invoke(NativeMethodAccessorImpl.java:62)
	at sun.reflect.DelegatingMethodAccessorImpl.invoke(DelegatingMethodAccessorImpl.java:43)
	at java.lang.reflect.Method.invoke(Method.java:497)
	at org.junit.runners.model.FrameworkMethod$1.runReflectiveCall(FrameworkMethod.java:50)
	at org.junit.internal.runners.model.ReflectiveCallable.run(ReflectiveCallable.java:12)
	at org.junit.runners.model.FrameworkMethod.invokeExplosively(FrameworkMethod.java:47)
	at org.junit.internal.runners.statements.RunBefores.evaluate(RunBefores.java:24)
	at org.junit.runners.ParentRunner.runLeaf(ParentRunner.java:325)
	at org.junit.runners.BlockJUnit4ClassRunner.runChild(BlockJUnit4ClassRunner.java:78)
	at org.junit.runners.BlockJUnit4ClassRunner.runChild(BlockJUnit4ClassRunner.java:57)
	at org.junit.runners.ParentRunner$3.run(ParentRunner.java:290)
	at org.junit.runners.ParentRunner$1.schedule(ParentRunner.java:71)
	at org.junit.runners.ParentRunner.runChildren(ParentRunner.java:288)
	at org.junit.runners.ParentRunner.access$000(ParentRunner.java:58)
	at org.junit.runners.ParentRunner$2.evaluate(ParentRunner.java:268)
	at org.junit.runners.ParentRunner.run(ParentRunner.java:363)
	at org.apache.maven.surefire.junit4.JUnit4Provider.execute(JUnit4Provider.java:252)
	at org.apache.maven.surefire.junit4.JUnit4Provider.executeTestSet(JUnit4Provider.java:141)
	at org.apache.maven.surefire.junit4.JUnit4Provider.invoke(JUnit4Provider.java:112)
	at sun.reflect.NativeMethodAccessorImpl.invoke0(Native Method)
	at sun.reflect.NativeMethodAccessorImpl.invoke(NativeMethodAccessorImpl.java:62)
	at sun.reflect.DelegatingMethodAccessorImpl.invoke(DelegatingMethodAccessorImpl.java:43)
	at java.lang.reflect.Method.invoke(Method.java:497)
	at org.apache.maven.surefire.util.ReflectionUtils.invokeMethodWithArray(ReflectionUtils.java:189)
	at org.apache.maven.surefire.booter.ProviderFactory$ProviderProxy.invoke(ProviderFactory.java:165)
	at org.apache.maven.surefire.booter.ProviderFactory.invokeProvider(ProviderFactory.java:85)
	at org.apache.maven.surefire.booter.ForkedBooter.runSuitesInProcess(ForkedBooter.java:115)
	at org.apache.maven.surefire.booter.ForkedBooter.main(ForkedBooter.java:75)
Caused by: java.lang.ClassNotFoundException: com.ikanow.aleph2.distributed_services.data_model.IJsonSerializable
	at java.net.URLClassLoader.findClass(URLClassLoader.java:381)
	at java.lang.ClassLoader.loadClass(ClassLoader.java:424)
	at sun.misc.Launcher$AppClassLoader.loadClass(Launcher.java:331)
	at java.lang.ClassLoader.loadClass(ClassLoader.java:357)
	... 67 more
</error>
    <system-out>com/ikanow/aleph2/distributed_services/data_model/IJsonSerializable
</system-out>
    <system-err>java.lang.NoClassDefFoundError: com/ikanow/aleph2/distributed_services/data_model/IJsonSerializable
	at java.lang.ClassLoader.defineClass1(Native Method)
	at java.lang.ClassLoader.defineClass(ClassLoader.java:760)
	at java.security.SecureClassLoader.defineClass(SecureClassLoader.java:142)
	at java.net.URLClassLoader.defineClass(URLClassLoader.java:467)
	at java.net.URLClassLoader.access$100(URLClassLoader.java:73)
	at java.net.URLClassLoader$1.run(URLClassLoader.java:368)
	at java.net.URLClassLoader$1.run(URLClassLoader.java:362)
	at java.security.AccessController.doPrivileged(Native Method)
	at java.net.URLClassLoader.findClass(URLClassLoader.java:361)
	at java.lang.ClassLoader.loadClass(ClassLoader.java:424)
	at sun.misc.Launcher$AppClassLoader.loadClass(Launcher.java:331)
	at java.lang.ClassLoader.loadClass(ClassLoader.java:357)
	at java.lang.Class.getDeclaredConstructors0(Native Method)
	at java.lang.Class.privateGetDeclaredConstructors(Class.java:2671)
	at java.lang.Class.getDeclaredConstructors(Class.java:2020)
	at com.google.inject.spi.InjectionPoint.forConstructorOf(InjectionPoint.java:243)
	at com.google.inject.internal.ConstructorBindingImpl.create(ConstructorBindingImpl.java:96)
	at com.google.inject.internal.InjectorImpl.createUninitializedBinding(InjectorImpl.java:629)
	at com.google.inject.internal.UntargettedBindingProcessor$1.visit(UntargettedBindingProcessor.java:51)
	at com.google.inject.internal.UntargettedBindingProcessor$1.visit(UntargettedBindingProcessor.java:35)
	at com.google.inject.internal.UntargettedBindingImpl.acceptTargetVisitor(UntargettedBindingImpl.java:42)
	at com.google.inject.internal.UntargettedBindingProcessor.visit(UntargettedBindingProcessor.java:35)
	at com.google.inject.internal.UntargettedBindingProcessor.visit(UntargettedBindingProcessor.java:27)
	at com.google.inject.internal.BindingImpl.acceptVisitor(BindingImpl.java:93)
	at com.google.inject.internal.AbstractProcessor.process(AbstractProcessor.java:55)
	at com.google.inject.internal.InjectorShell$Builder.build(InjectorShell.java:178)
	at com.google.inject.internal.InternalInjectorCreator.build(InternalInjectorCreator.java:103)
	at com.google.inject.internal.InjectorImpl.createChildInjector(InjectorImpl.java:217)
	at com.ikanow.aleph2.data_model.utils.ModuleUtils.bindServiceEntry(ModuleUtils.java:239)
	at com.ikanow.aleph2.data_model.utils.ModuleUtils.lambda$loadServicesFromConfig$199(ModuleUtils.java:154)
	at com.ikanow.aleph2.data_model.utils.ModuleUtils$$Lambda$8/1970528559.accept(Unknown Source)
	at java.util.ArrayList$ArrayListSpliterator.forEachRemaining(ArrayList.java:1374)
	at java.util.stream.ReferencePipeline$Head.forEach(ReferencePipeline.java:580)
	at com.ikanow.aleph2.data_model.utils.ModuleUtils.loadServicesFromConfig(ModuleUtils.java:148)
	at com.ikanow.aleph2.data_model.utils.ModuleUtils.initialize(ModuleUtils.java:429)
	at com.ikanow.aleph2.data_model.utils.ModuleUtils.createInjector(ModuleUtils.java:449)
	at com.ikanow.aleph2.data_model.utils.ModuleUtils.createTestInjector(ModuleUtils.java:474)
	at com.ikanow.aleph2.data_import.services.TestHarvestContext.injectModules(TestHarvestContext.java:74)
	at sun.reflect.NativeMethodAccessorImpl.invoke0(Native Method)
	at sun.reflect.NativeMethodAccessorImpl.invoke(NativeMethodAccessorImpl.java:62)
	at sun.reflect.DelegatingMethodAccessorImpl.invoke(DelegatingMethodAccessorImpl.java:43)
	at java.lang.reflect.Method.invoke(Method.java:497)
	at org.junit.runners.model.FrameworkMethod$1.runReflectiveCall(FrameworkMethod.java:50)
	at org.junit.internal.runners.model.ReflectiveCallable.run(ReflectiveCallable.java:12)
	at org.junit.runners.model.FrameworkMethod.invokeExplosively(FrameworkMethod.java:47)
	at org.junit.internal.runners.statements.RunBefores.evaluate(RunBefores.java:24)
	at org.junit.runners.ParentRunner.runLeaf(ParentRunner.java:325)
	at org.junit.runners.BlockJUnit4ClassRunner.runChild(BlockJUnit4ClassRunner.java:78)
	at org.junit.runners.BlockJUnit4ClassRunner.runChild(BlockJUnit4ClassRunner.java:57)
	at org.junit.runners.ParentRunner$3.run(ParentRunner.java:290)
	at org.junit.runners.ParentRunner$1.schedule(ParentRunner.java:71)
	at org.junit.runners.ParentRunner.runChildren(ParentRunner.java:288)
	at org.junit.runners.ParentRunner.access$000(ParentRunner.java:58)
	at org.junit.runners.ParentRunner$2.evaluate(ParentRunner.java:268)
	at org.junit.runners.ParentRunner.run(ParentRunner.java:363)
	at org.apache.maven.surefire.junit4.JUnit4Provider.execute(JUnit4Provider.java:252)
	at org.apache.maven.surefire.junit4.JUnit4Provider.executeTestSet(JUnit4Provider.java:141)
	at org.apache.maven.surefire.junit4.JUnit4Provider.invoke(JUnit4Provider.java:112)
	at sun.reflect.NativeMethodAccessorImpl.invoke0(Native Method)
	at sun.reflect.NativeMethodAccessorImpl.invoke(NativeMethodAccessorImpl.java:62)
	at sun.reflect.DelegatingMethodAccessorImpl.invoke(DelegatingMethodAccessorImpl.java:43)
	at java.lang.reflect.Method.invoke(Method.java:497)
	at org.apache.maven.surefire.util.ReflectionUtils.invokeMethodWithArray(ReflectionUtils.java:189)
	at org.apache.maven.surefire.booter.ProviderFactory$ProviderProxy.invoke(ProviderFactory.java:165)
	at org.apache.maven.surefire.booter.ProviderFactory.invokeProvider(ProviderFactory.java:85)
	at org.apache.maven.surefire.booter.ForkedBooter.runSuitesInProcess(ForkedBooter.java:115)
	at org.apache.maven.surefire.booter.ForkedBooter.main(ForkedBooter.java:75)
Caused by: java.lang.ClassNotFoundException: com.ikanow.aleph2.distributed_services.data_model.IJsonSerializable
	at java.net.URLClassLoader.findClass(URLClassLoader.java:381)
	at java.lang.ClassLoader.loadClass(ClassLoader.java:424)
	at sun.misc.Launcher$AppClassLoader.loadClass(Launcher.java:331)
	at java.lang.ClassLoader.loadClass(ClassLoader.java:357)
	... 67 more
</system-err>
  </testcase>
  <testcase classname="com.ikanow.aleph2.data_import.services.TestHarvestContext" name="test_basicContextCreation" time="0.022">
    <error message="com/ikanow/aleph2/distributed_services/data_model/IJsonSerializable" type="java.lang.NoClassDefFoundError">java.lang.NoClassDefFoundError: com/ikanow/aleph2/distributed_services/data_model/IJsonSerializable
	at java.lang.ClassLoader.defineClass1(Native Method)
	at java.lang.ClassLoader.defineClass(ClassLoader.java:760)
	at java.security.SecureClassLoader.defineClass(SecureClassLoader.java:142)
	at java.net.URLClassLoader.defineClass(URLClassLoader.java:467)
	at java.net.URLClassLoader.access$100(URLClassLoader.java:73)
	at java.net.URLClassLoader$1.run(URLClassLoader.java:368)
	at java.net.URLClassLoader$1.run(URLClassLoader.java:362)
	at java.security.AccessController.doPrivileged(Native Method)
	at java.net.URLClassLoader.findClass(URLClassLoader.java:361)
	at java.lang.ClassLoader.loadClass(ClassLoader.java:424)
	at sun.misc.Launcher$AppClassLoader.loadClass(Launcher.java:331)
	at java.lang.ClassLoader.loadClass(ClassLoader.java:357)
	at java.lang.Class.getDeclaredConstructors0(Native Method)
	at java.lang.Class.privateGetDeclaredConstructors(Class.java:2671)
	at java.lang.Class.getDeclaredConstructors(Class.java:2020)
	at com.google.inject.spi.InjectionPoint.forConstructorOf(InjectionPoint.java:243)
	at com.google.inject.internal.ConstructorBindingImpl.create(ConstructorBindingImpl.java:96)
	at com.google.inject.internal.InjectorImpl.createUninitializedBinding(InjectorImpl.java:629)
	at com.google.inject.internal.UntargettedBindingProcessor$1.visit(UntargettedBindingProcessor.java:51)
	at com.google.inject.internal.UntargettedBindingProcessor$1.visit(UntargettedBindingProcessor.java:35)
	at com.google.inject.internal.UntargettedBindingImpl.acceptTargetVisitor(UntargettedBindingImpl.java:42)
	at com.google.inject.internal.UntargettedBindingProcessor.visit(UntargettedBindingProcessor.java:35)
	at com.google.inject.internal.UntargettedBindingProcessor.visit(UntargettedBindingProcessor.java:27)
	at com.google.inject.internal.BindingImpl.acceptVisitor(BindingImpl.java:93)
	at com.google.inject.internal.AbstractProcessor.process(AbstractProcessor.java:55)
	at com.google.inject.internal.InjectorShell$Builder.build(InjectorShell.java:178)
	at com.google.inject.internal.InternalInjectorCreator.build(InternalInjectorCreator.java:103)
	at com.google.inject.internal.InjectorImpl.createChildInjector(InjectorImpl.java:217)
	at com.ikanow.aleph2.data_model.utils.ModuleUtils.bindServiceEntry(ModuleUtils.java:239)
	at com.ikanow.aleph2.data_model.utils.ModuleUtils.lambda$loadServicesFromConfig$199(ModuleUtils.java:154)
	at com.ikanow.aleph2.data_model.utils.ModuleUtils$$Lambda$8/1970528559.accept(Unknown Source)
	at java.util.ArrayList$ArrayListSpliterator.forEachRemaining(ArrayList.java:1374)
	at java.util.stream.ReferencePipeline$Head.forEach(ReferencePipeline.java:580)
	at com.ikanow.aleph2.data_model.utils.ModuleUtils.loadServicesFromConfig(ModuleUtils.java:148)
	at com.ikanow.aleph2.data_model.utils.ModuleUtils.initialize(ModuleUtils.java:429)
	at com.ikanow.aleph2.data_model.utils.ModuleUtils.createInjector(ModuleUtils.java:449)
	at com.ikanow.aleph2.data_model.utils.ModuleUtils.createTestInjector(ModuleUtils.java:474)
	at com.ikanow.aleph2.data_import.services.TestHarvestContext.injectModules(TestHarvestContext.java:74)
	at sun.reflect.NativeMethodAccessorImpl.invoke0(Native Method)
	at sun.reflect.NativeMethodAccessorImpl.invoke(NativeMethodAccessorImpl.java:62)
	at sun.reflect.DelegatingMethodAccessorImpl.invoke(DelegatingMethodAccessorImpl.java:43)
	at java.lang.reflect.Method.invoke(Method.java:497)
	at org.junit.runners.model.FrameworkMethod$1.runReflectiveCall(FrameworkMethod.java:50)
	at org.junit.internal.runners.model.ReflectiveCallable.run(ReflectiveCallable.java:12)
	at org.junit.runners.model.FrameworkMethod.invokeExplosively(FrameworkMethod.java:47)
	at org.junit.internal.runners.statements.RunBefores.evaluate(RunBefores.java:24)
	at org.junit.runners.ParentRunner.runLeaf(ParentRunner.java:325)
	at org.junit.runners.BlockJUnit4ClassRunner.runChild(BlockJUnit4ClassRunner.java:78)
	at org.junit.runners.BlockJUnit4ClassRunner.runChild(BlockJUnit4ClassRunner.java:57)
	at org.junit.runners.ParentRunner$3.run(ParentRunner.java:290)
	at org.junit.runners.ParentRunner$1.schedule(ParentRunner.java:71)
	at org.junit.runners.ParentRunner.runChildren(ParentRunner.java:288)
	at org.junit.runners.ParentRunner.access$000(ParentRunner.java:58)
	at org.junit.runners.ParentRunner$2.evaluate(ParentRunner.java:268)
	at org.junit.runners.ParentRunner.run(ParentRunner.java:363)
	at org.apache.maven.surefire.junit4.JUnit4Provider.execute(JUnit4Provider.java:252)
	at org.apache.maven.surefire.junit4.JUnit4Provider.executeTestSet(JUnit4Provider.java:141)
	at org.apache.maven.surefire.junit4.JUnit4Provider.invoke(JUnit4Provider.java:112)
	at sun.reflect.NativeMethodAccessorImpl.invoke0(Native Method)
	at sun.reflect.NativeMethodAccessorImpl.invoke(NativeMethodAccessorImpl.java:62)
	at sun.reflect.DelegatingMethodAccessorImpl.invoke(DelegatingMethodAccessorImpl.java:43)
	at java.lang.reflect.Method.invoke(Method.java:497)
	at org.apache.maven.surefire.util.ReflectionUtils.invokeMethodWithArray(ReflectionUtils.java:189)
	at org.apache.maven.surefire.booter.ProviderFactory$ProviderProxy.invoke(ProviderFactory.java:165)
	at org.apache.maven.surefire.booter.ProviderFactory.invokeProvider(ProviderFactory.java:85)
	at org.apache.maven.surefire.booter.ForkedBooter.runSuitesInProcess(ForkedBooter.java:115)
	at org.apache.maven.surefire.booter.ForkedBooter.main(ForkedBooter.java:75)
Caused by: java.lang.ClassNotFoundException: com.ikanow.aleph2.distributed_services.data_model.IJsonSerializable
	at java.net.URLClassLoader.findClass(URLClassLoader.java:381)
	at java.lang.ClassLoader.loadClass(ClassLoader.java:424)
	at sun.misc.Launcher$AppClassLoader.loadClass(Launcher.java:331)
	at java.lang.ClassLoader.loadClass(ClassLoader.java:357)
	... 67 more
</error>
    <system-out>com/ikanow/aleph2/distributed_services/data_model/IJsonSerializable
</system-out>
    <system-err>java.lang.NoClassDefFoundError: com/ikanow/aleph2/distributed_services/data_model/IJsonSerializable
	at java.lang.ClassLoader.defineClass1(Native Method)
	at java.lang.ClassLoader.defineClass(ClassLoader.java:760)
	at java.security.SecureClassLoader.defineClass(SecureClassLoader.java:142)
	at java.net.URLClassLoader.defineClass(URLClassLoader.java:467)
	at java.net.URLClassLoader.access$100(URLClassLoader.java:73)
	at java.net.URLClassLoader$1.run(URLClassLoader.java:368)
	at java.net.URLClassLoader$1.run(URLClassLoader.java:362)
	at java.security.AccessController.doPrivileged(Native Method)
	at java.net.URLClassLoader.findClass(URLClassLoader.java:361)
	at java.lang.ClassLoader.loadClass(ClassLoader.java:424)
	at sun.misc.Launcher$AppClassLoader.loadClass(Launcher.java:331)
	at java.lang.ClassLoader.loadClass(ClassLoader.java:357)
	at java.lang.Class.getDeclaredConstructors0(Native Method)
	at java.lang.Class.privateGetDeclaredConstructors(Class.java:2671)
	at java.lang.Class.getDeclaredConstructors(Class.java:2020)
	at com.google.inject.spi.InjectionPoint.forConstructorOf(InjectionPoint.java:243)
	at com.google.inject.internal.ConstructorBindingImpl.create(ConstructorBindingImpl.java:96)
	at com.google.inject.internal.InjectorImpl.createUninitializedBinding(InjectorImpl.java:629)
	at com.google.inject.internal.UntargettedBindingProcessor$1.visit(UntargettedBindingProcessor.java:51)
	at com.google.inject.internal.UntargettedBindingProcessor$1.visit(UntargettedBindingProcessor.java:35)
	at com.google.inject.internal.UntargettedBindingImpl.acceptTargetVisitor(UntargettedBindingImpl.java:42)
	at com.google.inject.internal.UntargettedBindingProcessor.visit(UntargettedBindingProcessor.java:35)
	at com.google.inject.internal.UntargettedBindingProcessor.visit(UntargettedBindingProcessor.java:27)
	at com.google.inject.internal.BindingImpl.acceptVisitor(BindingImpl.java:93)
	at com.google.inject.internal.AbstractProcessor.process(AbstractProcessor.java:55)
	at com.google.inject.internal.InjectorShell$Builder.build(InjectorShell.java:178)
	at com.google.inject.internal.InternalInjectorCreator.build(InternalInjectorCreator.java:103)
	at com.google.inject.internal.InjectorImpl.createChildInjector(InjectorImpl.java:217)
	at com.ikanow.aleph2.data_model.utils.ModuleUtils.bindServiceEntry(ModuleUtils.java:239)
	at com.ikanow.aleph2.data_model.utils.ModuleUtils.lambda$loadServicesFromConfig$199(ModuleUtils.java:154)
	at com.ikanow.aleph2.data_model.utils.ModuleUtils$$Lambda$8/1970528559.accept(Unknown Source)
	at java.util.ArrayList$ArrayListSpliterator.forEachRemaining(ArrayList.java:1374)
	at java.util.stream.ReferencePipeline$Head.forEach(ReferencePipeline.java:580)
	at com.ikanow.aleph2.data_model.utils.ModuleUtils.loadServicesFromConfig(ModuleUtils.java:148)
	at com.ikanow.aleph2.data_model.utils.ModuleUtils.initialize(ModuleUtils.java:429)
	at com.ikanow.aleph2.data_model.utils.ModuleUtils.createInjector(ModuleUtils.java:449)
	at com.ikanow.aleph2.data_model.utils.ModuleUtils.createTestInjector(ModuleUtils.java:474)
	at com.ikanow.aleph2.data_import.services.TestHarvestContext.injectModules(TestHarvestContext.java:74)
	at sun.reflect.NativeMethodAccessorImpl.invoke0(Native Method)
	at sun.reflect.NativeMethodAccessorImpl.invoke(NativeMethodAccessorImpl.java:62)
	at sun.reflect.DelegatingMethodAccessorImpl.invoke(DelegatingMethodAccessorImpl.java:43)
	at java.lang.reflect.Method.invoke(Method.java:497)
	at org.junit.runners.model.FrameworkMethod$1.runReflectiveCall(FrameworkMethod.java:50)
	at org.junit.internal.runners.model.ReflectiveCallable.run(ReflectiveCallable.java:12)
	at org.junit.runners.model.FrameworkMethod.invokeExplosively(FrameworkMethod.java:47)
	at org.junit.internal.runners.statements.RunBefores.evaluate(RunBefores.java:24)
	at org.junit.runners.ParentRunner.runLeaf(ParentRunner.java:325)
	at org.junit.runners.BlockJUnit4ClassRunner.runChild(BlockJUnit4ClassRunner.java:78)
	at org.junit.runners.BlockJUnit4ClassRunner.runChild(BlockJUnit4ClassRunner.java:57)
	at org.junit.runners.ParentRunner$3.run(ParentRunner.java:290)
	at org.junit.runners.ParentRunner$1.schedule(ParentRunner.java:71)
	at org.junit.runners.ParentRunner.runChildren(ParentRunner.java:288)
	at org.junit.runners.ParentRunner.access$000(ParentRunner.java:58)
	at org.junit.runners.ParentRunner$2.evaluate(ParentRunner.java:268)
	at org.junit.runners.ParentRunner.run(ParentRunner.java:363)
	at org.apache.maven.surefire.junit4.JUnit4Provider.execute(JUnit4Provider.java:252)
	at org.apache.maven.surefire.junit4.JUnit4Provider.executeTestSet(JUnit4Provider.java:141)
	at org.apache.maven.surefire.junit4.JUnit4Provider.invoke(JUnit4Provider.java:112)
	at sun.reflect.NativeMethodAccessorImpl.invoke0(Native Method)
	at sun.reflect.NativeMethodAccessorImpl.invoke(NativeMethodAccessorImpl.java:62)
	at sun.reflect.DelegatingMethodAccessorImpl.invoke(DelegatingMethodAccessorImpl.java:43)
	at java.lang.reflect.Method.invoke(Method.java:497)
	at org.apache.maven.surefire.util.ReflectionUtils.invokeMethodWithArray(ReflectionUtils.java:189)
	at org.apache.maven.surefire.booter.ProviderFactory$ProviderProxy.invoke(ProviderFactory.java:165)
	at org.apache.maven.surefire.booter.ProviderFactory.invokeProvider(ProviderFactory.java:85)
	at org.apache.maven.surefire.booter.ForkedBooter.runSuitesInProcess(ForkedBooter.java:115)
	at org.apache.maven.surefire.booter.ForkedBooter.main(ForkedBooter.java:75)
Caused by: java.lang.ClassNotFoundException: com.ikanow.aleph2.distributed_services.data_model.IJsonSerializable
	at java.net.URLClassLoader.findClass(URLClassLoader.java:381)
	at java.lang.ClassLoader.loadClass(ClassLoader.java:424)
	at sun.misc.Launcher$AppClassLoader.loadClass(Launcher.java:331)
	at java.lang.ClassLoader.loadClass(ClassLoader.java:357)
	... 67 more
</system-err>
  </testcase>
  <testcase classname="com.ikanow.aleph2.data_import.services.TestHarvestContext" name="test_objectStateRetrieval" time="0.025">
    <error message="com/ikanow/aleph2/distributed_services/data_model/IJsonSerializable" type="java.lang.NoClassDefFoundError">java.lang.NoClassDefFoundError: com/ikanow/aleph2/distributed_services/data_model/IJsonSerializable
	at java.lang.ClassLoader.defineClass1(Native Method)
	at java.lang.ClassLoader.defineClass(ClassLoader.java:760)
	at java.security.SecureClassLoader.defineClass(SecureClassLoader.java:142)
	at java.net.URLClassLoader.defineClass(URLClassLoader.java:467)
	at java.net.URLClassLoader.access$100(URLClassLoader.java:73)
	at java.net.URLClassLoader$1.run(URLClassLoader.java:368)
	at java.net.URLClassLoader$1.run(URLClassLoader.java:362)
	at java.security.AccessController.doPrivileged(Native Method)
	at java.net.URLClassLoader.findClass(URLClassLoader.java:361)
	at java.lang.ClassLoader.loadClass(ClassLoader.java:424)
	at sun.misc.Launcher$AppClassLoader.loadClass(Launcher.java:331)
	at java.lang.ClassLoader.loadClass(ClassLoader.java:357)
	at java.lang.Class.getDeclaredConstructors0(Native Method)
	at java.lang.Class.privateGetDeclaredConstructors(Class.java:2671)
	at java.lang.Class.getDeclaredConstructors(Class.java:2020)
	at com.google.inject.spi.InjectionPoint.forConstructorOf(InjectionPoint.java:243)
	at com.google.inject.internal.ConstructorBindingImpl.create(ConstructorBindingImpl.java:96)
	at com.google.inject.internal.InjectorImpl.createUninitializedBinding(InjectorImpl.java:629)
	at com.google.inject.internal.UntargettedBindingProcessor$1.visit(UntargettedBindingProcessor.java:51)
	at com.google.inject.internal.UntargettedBindingProcessor$1.visit(UntargettedBindingProcessor.java:35)
	at com.google.inject.internal.UntargettedBindingImpl.acceptTargetVisitor(UntargettedBindingImpl.java:42)
	at com.google.inject.internal.UntargettedBindingProcessor.visit(UntargettedBindingProcessor.java:35)
	at com.google.inject.internal.UntargettedBindingProcessor.visit(UntargettedBindingProcessor.java:27)
	at com.google.inject.internal.BindingImpl.acceptVisitor(BindingImpl.java:93)
	at com.google.inject.internal.AbstractProcessor.process(AbstractProcessor.java:55)
	at com.google.inject.internal.InjectorShell$Builder.build(InjectorShell.java:178)
	at com.google.inject.internal.InternalInjectorCreator.build(InternalInjectorCreator.java:103)
	at com.google.inject.internal.InjectorImpl.createChildInjector(InjectorImpl.java:217)
	at com.ikanow.aleph2.data_model.utils.ModuleUtils.bindServiceEntry(ModuleUtils.java:239)
	at com.ikanow.aleph2.data_model.utils.ModuleUtils.lambda$loadServicesFromConfig$199(ModuleUtils.java:154)
	at com.ikanow.aleph2.data_model.utils.ModuleUtils$$Lambda$8/1970528559.accept(Unknown Source)
	at java.util.ArrayList$ArrayListSpliterator.forEachRemaining(ArrayList.java:1374)
	at java.util.stream.ReferencePipeline$Head.forEach(ReferencePipeline.java:580)
	at com.ikanow.aleph2.data_model.utils.ModuleUtils.loadServicesFromConfig(ModuleUtils.java:148)
	at com.ikanow.aleph2.data_model.utils.ModuleUtils.initialize(ModuleUtils.java:429)
	at com.ikanow.aleph2.data_model.utils.ModuleUtils.createInjector(ModuleUtils.java:449)
	at com.ikanow.aleph2.data_model.utils.ModuleUtils.createTestInjector(ModuleUtils.java:474)
	at com.ikanow.aleph2.data_import.services.TestHarvestContext.injectModules(TestHarvestContext.java:74)
	at sun.reflect.NativeMethodAccessorImpl.invoke0(Native Method)
	at sun.reflect.NativeMethodAccessorImpl.invoke(NativeMethodAccessorImpl.java:62)
	at sun.reflect.DelegatingMethodAccessorImpl.invoke(DelegatingMethodAccessorImpl.java:43)
	at java.lang.reflect.Method.invoke(Method.java:497)
	at org.junit.runners.model.FrameworkMethod$1.runReflectiveCall(FrameworkMethod.java:50)
	at org.junit.internal.runners.model.ReflectiveCallable.run(ReflectiveCallable.java:12)
	at org.junit.runners.model.FrameworkMethod.invokeExplosively(FrameworkMethod.java:47)
	at org.junit.internal.runners.statements.RunBefores.evaluate(RunBefores.java:24)
	at org.junit.runners.ParentRunner.runLeaf(ParentRunner.java:325)
	at org.junit.runners.BlockJUnit4ClassRunner.runChild(BlockJUnit4ClassRunner.java:78)
	at org.junit.runners.BlockJUnit4ClassRunner.runChild(BlockJUnit4ClassRunner.java:57)
	at org.junit.runners.ParentRunner$3.run(ParentRunner.java:290)
	at org.junit.runners.ParentRunner$1.schedule(ParentRunner.java:71)
	at org.junit.runners.ParentRunner.runChildren(ParentRunner.java:288)
	at org.junit.runners.ParentRunner.access$000(ParentRunner.java:58)
	at org.junit.runners.ParentRunner$2.evaluate(ParentRunner.java:268)
	at org.junit.runners.ParentRunner.run(ParentRunner.java:363)
	at org.apache.maven.surefire.junit4.JUnit4Provider.execute(JUnit4Provider.java:252)
	at org.apache.maven.surefire.junit4.JUnit4Provider.executeTestSet(JUnit4Provider.java:141)
	at org.apache.maven.surefire.junit4.JUnit4Provider.invoke(JUnit4Provider.java:112)
	at sun.reflect.NativeMethodAccessorImpl.invoke0(Native Method)
	at sun.reflect.NativeMethodAccessorImpl.invoke(NativeMethodAccessorImpl.java:62)
	at sun.reflect.DelegatingMethodAccessorImpl.invoke(DelegatingMethodAccessorImpl.java:43)
	at java.lang.reflect.Method.invoke(Method.java:497)
	at org.apache.maven.surefire.util.ReflectionUtils.invokeMethodWithArray(ReflectionUtils.java:189)
	at org.apache.maven.surefire.booter.ProviderFactory$ProviderProxy.invoke(ProviderFactory.java:165)
	at org.apache.maven.surefire.booter.ProviderFactory.invokeProvider(ProviderFactory.java:85)
	at org.apache.maven.surefire.booter.ForkedBooter.runSuitesInProcess(ForkedBooter.java:115)
	at org.apache.maven.surefire.booter.ForkedBooter.main(ForkedBooter.java:75)
Caused by: java.lang.ClassNotFoundException: com.ikanow.aleph2.distributed_services.data_model.IJsonSerializable
	at java.net.URLClassLoader.findClass(URLClassLoader.java:381)
	at java.lang.ClassLoader.loadClass(ClassLoader.java:424)
	at sun.misc.Launcher$AppClassLoader.loadClass(Launcher.java:331)
	at java.lang.ClassLoader.loadClass(ClassLoader.java:357)
	... 67 more
</error>
    <system-out>com/ikanow/aleph2/distributed_services/data_model/IJsonSerializable
</system-out>
    <system-err>java.lang.NoClassDefFoundError: com/ikanow/aleph2/distributed_services/data_model/IJsonSerializable
	at java.lang.ClassLoader.defineClass1(Native Method)
	at java.lang.ClassLoader.defineClass(ClassLoader.java:760)
	at java.security.SecureClassLoader.defineClass(SecureClassLoader.java:142)
	at java.net.URLClassLoader.defineClass(URLClassLoader.java:467)
	at java.net.URLClassLoader.access$100(URLClassLoader.java:73)
	at java.net.URLClassLoader$1.run(URLClassLoader.java:368)
	at java.net.URLClassLoader$1.run(URLClassLoader.java:362)
	at java.security.AccessController.doPrivileged(Native Method)
	at java.net.URLClassLoader.findClass(URLClassLoader.java:361)
	at java.lang.ClassLoader.loadClass(ClassLoader.java:424)
	at sun.misc.Launcher$AppClassLoader.loadClass(Launcher.java:331)
	at java.lang.ClassLoader.loadClass(ClassLoader.java:357)
	at java.lang.Class.getDeclaredConstructors0(Native Method)
	at java.lang.Class.privateGetDeclaredConstructors(Class.java:2671)
	at java.lang.Class.getDeclaredConstructors(Class.java:2020)
	at com.google.inject.spi.InjectionPoint.forConstructorOf(InjectionPoint.java:243)
	at com.google.inject.internal.ConstructorBindingImpl.create(ConstructorBindingImpl.java:96)
	at com.google.inject.internal.InjectorImpl.createUninitializedBinding(InjectorImpl.java:629)
	at com.google.inject.internal.UntargettedBindingProcessor$1.visit(UntargettedBindingProcessor.java:51)
	at com.google.inject.internal.UntargettedBindingProcessor$1.visit(UntargettedBindingProcessor.java:35)
	at com.google.inject.internal.UntargettedBindingImpl.acceptTargetVisitor(UntargettedBindingImpl.java:42)
	at com.google.inject.internal.UntargettedBindingProcessor.visit(UntargettedBindingProcessor.java:35)
	at com.google.inject.internal.UntargettedBindingProcessor.visit(UntargettedBindingProcessor.java:27)
	at com.google.inject.internal.BindingImpl.acceptVisitor(BindingImpl.java:93)
	at com.google.inject.internal.AbstractProcessor.process(AbstractProcessor.java:55)
	at com.google.inject.internal.InjectorShell$Builder.build(InjectorShell.java:178)
	at com.google.inject.internal.InternalInjectorCreator.build(InternalInjectorCreator.java:103)
	at com.google.inject.internal.InjectorImpl.createChildInjector(InjectorImpl.java:217)
	at com.ikanow.aleph2.data_model.utils.ModuleUtils.bindServiceEntry(ModuleUtils.java:239)
	at com.ikanow.aleph2.data_model.utils.ModuleUtils.lambda$loadServicesFromConfig$199(ModuleUtils.java:154)
	at com.ikanow.aleph2.data_model.utils.ModuleUtils$$Lambda$8/1970528559.accept(Unknown Source)
	at java.util.ArrayList$ArrayListSpliterator.forEachRemaining(ArrayList.java:1374)
	at java.util.stream.ReferencePipeline$Head.forEach(ReferencePipeline.java:580)
	at com.ikanow.aleph2.data_model.utils.ModuleUtils.loadServicesFromConfig(ModuleUtils.java:148)
	at com.ikanow.aleph2.data_model.utils.ModuleUtils.initialize(ModuleUtils.java:429)
	at com.ikanow.aleph2.data_model.utils.ModuleUtils.createInjector(ModuleUtils.java:449)
	at com.ikanow.aleph2.data_model.utils.ModuleUtils.createTestInjector(ModuleUtils.java:474)
	at com.ikanow.aleph2.data_import.services.TestHarvestContext.injectModules(TestHarvestContext.java:74)
	at sun.reflect.NativeMethodAccessorImpl.invoke0(Native Method)
	at sun.reflect.NativeMethodAccessorImpl.invoke(NativeMethodAccessorImpl.java:62)
	at sun.reflect.DelegatingMethodAccessorImpl.invoke(DelegatingMethodAccessorImpl.java:43)
	at java.lang.reflect.Method.invoke(Method.java:497)
	at org.junit.runners.model.FrameworkMethod$1.runReflectiveCall(FrameworkMethod.java:50)
	at org.junit.internal.runners.model.ReflectiveCallable.run(ReflectiveCallable.java:12)
	at org.junit.runners.model.FrameworkMethod.invokeExplosively(FrameworkMethod.java:47)
	at org.junit.internal.runners.statements.RunBefores.evaluate(RunBefores.java:24)
	at org.junit.runners.ParentRunner.runLeaf(ParentRunner.java:325)
	at org.junit.runners.BlockJUnit4ClassRunner.runChild(BlockJUnit4ClassRunner.java:78)
	at org.junit.runners.BlockJUnit4ClassRunner.runChild(BlockJUnit4ClassRunner.java:57)
	at org.junit.runners.ParentRunner$3.run(ParentRunner.java:290)
	at org.junit.runners.ParentRunner$1.schedule(ParentRunner.java:71)
	at org.junit.runners.ParentRunner.runChildren(ParentRunner.java:288)
	at org.junit.runners.ParentRunner.access$000(ParentRunner.java:58)
	at org.junit.runners.ParentRunner$2.evaluate(ParentRunner.java:268)
	at org.junit.runners.ParentRunner.run(ParentRunner.java:363)
	at org.apache.maven.surefire.junit4.JUnit4Provider.execute(JUnit4Provider.java:252)
	at org.apache.maven.surefire.junit4.JUnit4Provider.executeTestSet(JUnit4Provider.java:141)
	at org.apache.maven.surefire.junit4.JUnit4Provider.invoke(JUnit4Provider.java:112)
	at sun.reflect.NativeMethodAccessorImpl.invoke0(Native Method)
	at sun.reflect.NativeMethodAccessorImpl.invoke(NativeMethodAccessorImpl.java:62)
	at sun.reflect.DelegatingMethodAccessorImpl.invoke(DelegatingMethodAccessorImpl.java:43)
	at java.lang.reflect.Method.invoke(Method.java:497)
	at org.apache.maven.surefire.util.ReflectionUtils.invokeMethodWithArray(ReflectionUtils.java:189)
	at org.apache.maven.surefire.booter.ProviderFactory$ProviderProxy.invoke(ProviderFactory.java:165)
	at org.apache.maven.surefire.booter.ProviderFactory.invokeProvider(ProviderFactory.java:85)
	at org.apache.maven.surefire.booter.ForkedBooter.runSuitesInProcess(ForkedBooter.java:115)
	at org.apache.maven.surefire.booter.ForkedBooter.main(ForkedBooter.java:75)
Caused by: java.lang.ClassNotFoundException: com.ikanow.aleph2.distributed_services.data_model.IJsonSerializable
	at java.net.URLClassLoader.findClass(URLClassLoader.java:381)
	at java.lang.ClassLoader.loadClass(ClassLoader.java:424)
	at sun.misc.Launcher$AppClassLoader.loadClass(Launcher.java:331)
	at java.lang.ClassLoader.loadClass(ClassLoader.java:357)
	... 67 more
</system-err>
  </testcase>
  <testcase classname="com.ikanow.aleph2.data_import.services.TestHarvestContext" name="test_getUnderlyingArtefacts" time="0.02">
    <error message="com/ikanow/aleph2/distributed_services/data_model/IJsonSerializable" type="java.lang.NoClassDefFoundError">java.lang.NoClassDefFoundError: com/ikanow/aleph2/distributed_services/data_model/IJsonSerializable
	at java.lang.ClassLoader.defineClass1(Native Method)
	at java.lang.ClassLoader.defineClass(ClassLoader.java:760)
	at java.security.SecureClassLoader.defineClass(SecureClassLoader.java:142)
	at java.net.URLClassLoader.defineClass(URLClassLoader.java:467)
	at java.net.URLClassLoader.access$100(URLClassLoader.java:73)
	at java.net.URLClassLoader$1.run(URLClassLoader.java:368)
	at java.net.URLClassLoader$1.run(URLClassLoader.java:362)
	at java.security.AccessController.doPrivileged(Native Method)
	at java.net.URLClassLoader.findClass(URLClassLoader.java:361)
	at java.lang.ClassLoader.loadClass(ClassLoader.java:424)
	at sun.misc.Launcher$AppClassLoader.loadClass(Launcher.java:331)
	at java.lang.ClassLoader.loadClass(ClassLoader.java:357)
	at java.lang.Class.getDeclaredConstructors0(Native Method)
	at java.lang.Class.privateGetDeclaredConstructors(Class.java:2671)
	at java.lang.Class.getDeclaredConstructors(Class.java:2020)
	at com.google.inject.spi.InjectionPoint.forConstructorOf(InjectionPoint.java:243)
	at com.google.inject.internal.ConstructorBindingImpl.create(ConstructorBindingImpl.java:96)
	at com.google.inject.internal.InjectorImpl.createUninitializedBinding(InjectorImpl.java:629)
	at com.google.inject.internal.UntargettedBindingProcessor$1.visit(UntargettedBindingProcessor.java:51)
	at com.google.inject.internal.UntargettedBindingProcessor$1.visit(UntargettedBindingProcessor.java:35)
	at com.google.inject.internal.UntargettedBindingImpl.acceptTargetVisitor(UntargettedBindingImpl.java:42)
	at com.google.inject.internal.UntargettedBindingProcessor.visit(UntargettedBindingProcessor.java:35)
	at com.google.inject.internal.UntargettedBindingProcessor.visit(UntargettedBindingProcessor.java:27)
	at com.google.inject.internal.BindingImpl.acceptVisitor(BindingImpl.java:93)
	at com.google.inject.internal.AbstractProcessor.process(AbstractProcessor.java:55)
	at com.google.inject.internal.InjectorShell$Builder.build(InjectorShell.java:178)
	at com.google.inject.internal.InternalInjectorCreator.build(InternalInjectorCreator.java:103)
	at com.google.inject.internal.InjectorImpl.createChildInjector(InjectorImpl.java:217)
	at com.ikanow.aleph2.data_model.utils.ModuleUtils.bindServiceEntry(ModuleUtils.java:239)
	at com.ikanow.aleph2.data_model.utils.ModuleUtils.lambda$loadServicesFromConfig$199(ModuleUtils.java:154)
	at com.ikanow.aleph2.data_model.utils.ModuleUtils$$Lambda$8/1970528559.accept(Unknown Source)
	at java.util.ArrayList$ArrayListSpliterator.forEachRemaining(ArrayList.java:1374)
	at java.util.stream.ReferencePipeline$Head.forEach(ReferencePipeline.java:580)
	at com.ikanow.aleph2.data_model.utils.ModuleUtils.loadServicesFromConfig(ModuleUtils.java:148)
	at com.ikanow.aleph2.data_model.utils.ModuleUtils.initialize(ModuleUtils.java:429)
	at com.ikanow.aleph2.data_model.utils.ModuleUtils.createInjector(ModuleUtils.java:449)
	at com.ikanow.aleph2.data_model.utils.ModuleUtils.createTestInjector(ModuleUtils.java:474)
	at com.ikanow.aleph2.data_import.services.TestHarvestContext.injectModules(TestHarvestContext.java:74)
	at sun.reflect.NativeMethodAccessorImpl.invoke0(Native Method)
	at sun.reflect.NativeMethodAccessorImpl.invoke(NativeMethodAccessorImpl.java:62)
	at sun.reflect.DelegatingMethodAccessorImpl.invoke(DelegatingMethodAccessorImpl.java:43)
	at java.lang.reflect.Method.invoke(Method.java:497)
	at org.junit.runners.model.FrameworkMethod$1.runReflectiveCall(FrameworkMethod.java:50)
	at org.junit.internal.runners.model.ReflectiveCallable.run(ReflectiveCallable.java:12)
	at org.junit.runners.model.FrameworkMethod.invokeExplosively(FrameworkMethod.java:47)
	at org.junit.internal.runners.statements.RunBefores.evaluate(RunBefores.java:24)
	at org.junit.runners.ParentRunner.runLeaf(ParentRunner.java:325)
	at org.junit.runners.BlockJUnit4ClassRunner.runChild(BlockJUnit4ClassRunner.java:78)
	at org.junit.runners.BlockJUnit4ClassRunner.runChild(BlockJUnit4ClassRunner.java:57)
	at org.junit.runners.ParentRunner$3.run(ParentRunner.java:290)
	at org.junit.runners.ParentRunner$1.schedule(ParentRunner.java:71)
	at org.junit.runners.ParentRunner.runChildren(ParentRunner.java:288)
	at org.junit.runners.ParentRunner.access$000(ParentRunner.java:58)
	at org.junit.runners.ParentRunner$2.evaluate(ParentRunner.java:268)
	at org.junit.runners.ParentRunner.run(ParentRunner.java:363)
	at org.apache.maven.surefire.junit4.JUnit4Provider.execute(JUnit4Provider.java:252)
	at org.apache.maven.surefire.junit4.JUnit4Provider.executeTestSet(JUnit4Provider.java:141)
	at org.apache.maven.surefire.junit4.JUnit4Provider.invoke(JUnit4Provider.java:112)
	at sun.reflect.NativeMethodAccessorImpl.invoke0(Native Method)
	at sun.reflect.NativeMethodAccessorImpl.invoke(NativeMethodAccessorImpl.java:62)
	at sun.reflect.DelegatingMethodAccessorImpl.invoke(DelegatingMethodAccessorImpl.java:43)
	at java.lang.reflect.Method.invoke(Method.java:497)
	at org.apache.maven.surefire.util.ReflectionUtils.invokeMethodWithArray(ReflectionUtils.java:189)
	at org.apache.maven.surefire.booter.ProviderFactory$ProviderProxy.invoke(ProviderFactory.java:165)
	at org.apache.maven.surefire.booter.ProviderFactory.invokeProvider(ProviderFactory.java:85)
	at org.apache.maven.surefire.booter.ForkedBooter.runSuitesInProcess(ForkedBooter.java:115)
	at org.apache.maven.surefire.booter.ForkedBooter.main(ForkedBooter.java:75)
Caused by: java.lang.ClassNotFoundException: com.ikanow.aleph2.distributed_services.data_model.IJsonSerializable
	at java.net.URLClassLoader.findClass(URLClassLoader.java:381)
	at java.lang.ClassLoader.loadClass(ClassLoader.java:424)
	at sun.misc.Launcher$AppClassLoader.loadClass(Launcher.java:331)
	at java.lang.ClassLoader.loadClass(ClassLoader.java:357)
	... 67 more
</error>
    <system-out>com/ikanow/aleph2/distributed_services/data_model/IJsonSerializable
</system-out>
    <system-err>java.lang.NoClassDefFoundError: com/ikanow/aleph2/distributed_services/data_model/IJsonSerializable
	at java.lang.ClassLoader.defineClass1(Native Method)
	at java.lang.ClassLoader.defineClass(ClassLoader.java:760)
	at java.security.SecureClassLoader.defineClass(SecureClassLoader.java:142)
	at java.net.URLClassLoader.defineClass(URLClassLoader.java:467)
	at java.net.URLClassLoader.access$100(URLClassLoader.java:73)
	at java.net.URLClassLoader$1.run(URLClassLoader.java:368)
	at java.net.URLClassLoader$1.run(URLClassLoader.java:362)
	at java.security.AccessController.doPrivileged(Native Method)
	at java.net.URLClassLoader.findClass(URLClassLoader.java:361)
	at java.lang.ClassLoader.loadClass(ClassLoader.java:424)
	at sun.misc.Launcher$AppClassLoader.loadClass(Launcher.java:331)
	at java.lang.ClassLoader.loadClass(ClassLoader.java:357)
	at java.lang.Class.getDeclaredConstructors0(Native Method)
	at java.lang.Class.privateGetDeclaredConstructors(Class.java:2671)
	at java.lang.Class.getDeclaredConstructors(Class.java:2020)
	at com.google.inject.spi.InjectionPoint.forConstructorOf(InjectionPoint.java:243)
	at com.google.inject.internal.ConstructorBindingImpl.create(ConstructorBindingImpl.java:96)
	at com.google.inject.internal.InjectorImpl.createUninitializedBinding(InjectorImpl.java:629)
	at com.google.inject.internal.UntargettedBindingProcessor$1.visit(UntargettedBindingProcessor.java:51)
	at com.google.inject.internal.UntargettedBindingProcessor$1.visit(UntargettedBindingProcessor.java:35)
	at com.google.inject.internal.UntargettedBindingImpl.acceptTargetVisitor(UntargettedBindingImpl.java:42)
	at com.google.inject.internal.UntargettedBindingProcessor.visit(UntargettedBindingProcessor.java:35)
	at com.google.inject.internal.UntargettedBindingProcessor.visit(UntargettedBindingProcessor.java:27)
	at com.google.inject.internal.BindingImpl.acceptVisitor(BindingImpl.java:93)
	at com.google.inject.internal.AbstractProcessor.process(AbstractProcessor.java:55)
	at com.google.inject.internal.InjectorShell$Builder.build(InjectorShell.java:178)
	at com.google.inject.internal.InternalInjectorCreator.build(InternalInjectorCreator.java:103)
	at com.google.inject.internal.InjectorImpl.createChildInjector(InjectorImpl.java:217)
	at com.ikanow.aleph2.data_model.utils.ModuleUtils.bindServiceEntry(ModuleUtils.java:239)
	at com.ikanow.aleph2.data_model.utils.ModuleUtils.lambda$loadServicesFromConfig$199(ModuleUtils.java:154)
	at com.ikanow.aleph2.data_model.utils.ModuleUtils$$Lambda$8/1970528559.accept(Unknown Source)
	at java.util.ArrayList$ArrayListSpliterator.forEachRemaining(ArrayList.java:1374)
	at java.util.stream.ReferencePipeline$Head.forEach(ReferencePipeline.java:580)
	at com.ikanow.aleph2.data_model.utils.ModuleUtils.loadServicesFromConfig(ModuleUtils.java:148)
	at com.ikanow.aleph2.data_model.utils.ModuleUtils.initialize(ModuleUtils.java:429)
	at com.ikanow.aleph2.data_model.utils.ModuleUtils.createInjector(ModuleUtils.java:449)
	at com.ikanow.aleph2.data_model.utils.ModuleUtils.createTestInjector(ModuleUtils.java:474)
	at com.ikanow.aleph2.data_import.services.TestHarvestContext.injectModules(TestHarvestContext.java:74)
	at sun.reflect.NativeMethodAccessorImpl.invoke0(Native Method)
	at sun.reflect.NativeMethodAccessorImpl.invoke(NativeMethodAccessorImpl.java:62)
	at sun.reflect.DelegatingMethodAccessorImpl.invoke(DelegatingMethodAccessorImpl.java:43)
	at java.lang.reflect.Method.invoke(Method.java:497)
	at org.junit.runners.model.FrameworkMethod$1.runReflectiveCall(FrameworkMethod.java:50)
	at org.junit.internal.runners.model.ReflectiveCallable.run(ReflectiveCallable.java:12)
	at org.junit.runners.model.FrameworkMethod.invokeExplosively(FrameworkMethod.java:47)
	at org.junit.internal.runners.statements.RunBefores.evaluate(RunBefores.java:24)
	at org.junit.runners.ParentRunner.runLeaf(ParentRunner.java:325)
	at org.junit.runners.BlockJUnit4ClassRunner.runChild(BlockJUnit4ClassRunner.java:78)
	at org.junit.runners.BlockJUnit4ClassRunner.runChild(BlockJUnit4ClassRunner.java:57)
	at org.junit.runners.ParentRunner$3.run(ParentRunner.java:290)
	at org.junit.runners.ParentRunner$1.schedule(ParentRunner.java:71)
	at org.junit.runners.ParentRunner.runChildren(ParentRunner.java:288)
	at org.junit.runners.ParentRunner.access$000(ParentRunner.java:58)
	at org.junit.runners.ParentRunner$2.evaluate(ParentRunner.java:268)
	at org.junit.runners.ParentRunner.run(ParentRunner.java:363)
	at org.apache.maven.surefire.junit4.JUnit4Provider.execute(JUnit4Provider.java:252)
	at org.apache.maven.surefire.junit4.JUnit4Provider.executeTestSet(JUnit4Provider.java:141)
	at org.apache.maven.surefire.junit4.JUnit4Provider.invoke(JUnit4Provider.java:112)
	at sun.reflect.NativeMethodAccessorImpl.invoke0(Native Method)
	at sun.reflect.NativeMethodAccessorImpl.invoke(NativeMethodAccessorImpl.java:62)
	at sun.reflect.DelegatingMethodAccessorImpl.invoke(DelegatingMethodAccessorImpl.java:43)
	at java.lang.reflect.Method.invoke(Method.java:497)
	at org.apache.maven.surefire.util.ReflectionUtils.invokeMethodWithArray(ReflectionUtils.java:189)
	at org.apache.maven.surefire.booter.ProviderFactory$ProviderProxy.invoke(ProviderFactory.java:165)
	at org.apache.maven.surefire.booter.ProviderFactory.invokeProvider(ProviderFactory.java:85)
	at org.apache.maven.surefire.booter.ForkedBooter.runSuitesInProcess(ForkedBooter.java:115)
	at org.apache.maven.surefire.booter.ForkedBooter.main(ForkedBooter.java:75)
Caused by: java.lang.ClassNotFoundException: com.ikanow.aleph2.distributed_services.data_model.IJsonSerializable
	at java.net.URLClassLoader.findClass(URLClassLoader.java:381)
	at java.lang.ClassLoader.loadClass(ClassLoader.java:424)
	at sun.misc.Launcher$AppClassLoader.loadClass(Launcher.java:331)
	at java.lang.ClassLoader.loadClass(ClassLoader.java:357)
	... 67 more
</system-err>
  </testcase>
  <testcase classname="com.ikanow.aleph2.data_import.services.TestHarvestContext" name="test_fileLocations" time="0.031">
    <error message="com/ikanow/aleph2/distributed_services/data_model/IJsonSerializable" type="java.lang.NoClassDefFoundError">java.lang.NoClassDefFoundError: com/ikanow/aleph2/distributed_services/data_model/IJsonSerializable
	at java.lang.ClassLoader.defineClass1(Native Method)
	at java.lang.ClassLoader.defineClass(ClassLoader.java:760)
	at java.security.SecureClassLoader.defineClass(SecureClassLoader.java:142)
	at java.net.URLClassLoader.defineClass(URLClassLoader.java:467)
	at java.net.URLClassLoader.access$100(URLClassLoader.java:73)
	at java.net.URLClassLoader$1.run(URLClassLoader.java:368)
	at java.net.URLClassLoader$1.run(URLClassLoader.java:362)
	at java.security.AccessController.doPrivileged(Native Method)
	at java.net.URLClassLoader.findClass(URLClassLoader.java:361)
	at java.lang.ClassLoader.loadClass(ClassLoader.java:424)
	at sun.misc.Launcher$AppClassLoader.loadClass(Launcher.java:331)
	at java.lang.ClassLoader.loadClass(ClassLoader.java:357)
	at java.lang.Class.getDeclaredConstructors0(Native Method)
	at java.lang.Class.privateGetDeclaredConstructors(Class.java:2671)
	at java.lang.Class.getDeclaredConstructors(Class.java:2020)
	at com.google.inject.spi.InjectionPoint.forConstructorOf(InjectionPoint.java:243)
	at com.google.inject.internal.ConstructorBindingImpl.create(ConstructorBindingImpl.java:96)
	at com.google.inject.internal.InjectorImpl.createUninitializedBinding(InjectorImpl.java:629)
	at com.google.inject.internal.UntargettedBindingProcessor$1.visit(UntargettedBindingProcessor.java:51)
	at com.google.inject.internal.UntargettedBindingProcessor$1.visit(UntargettedBindingProcessor.java:35)
	at com.google.inject.internal.UntargettedBindingImpl.acceptTargetVisitor(UntargettedBindingImpl.java:42)
	at com.google.inject.internal.UntargettedBindingProcessor.visit(UntargettedBindingProcessor.java:35)
	at com.google.inject.internal.UntargettedBindingProcessor.visit(UntargettedBindingProcessor.java:27)
	at com.google.inject.internal.BindingImpl.acceptVisitor(BindingImpl.java:93)
	at com.google.inject.internal.AbstractProcessor.process(AbstractProcessor.java:55)
	at com.google.inject.internal.InjectorShell$Builder.build(InjectorShell.java:178)
	at com.google.inject.internal.InternalInjectorCreator.build(InternalInjectorCreator.java:103)
	at com.google.inject.internal.InjectorImpl.createChildInjector(InjectorImpl.java:217)
	at com.ikanow.aleph2.data_model.utils.ModuleUtils.bindServiceEntry(ModuleUtils.java:239)
	at com.ikanow.aleph2.data_model.utils.ModuleUtils.lambda$loadServicesFromConfig$199(ModuleUtils.java:154)
	at com.ikanow.aleph2.data_model.utils.ModuleUtils$$Lambda$8/1970528559.accept(Unknown Source)
	at java.util.ArrayList$ArrayListSpliterator.forEachRemaining(ArrayList.java:1374)
	at java.util.stream.ReferencePipeline$Head.forEach(ReferencePipeline.java:580)
	at com.ikanow.aleph2.data_model.utils.ModuleUtils.loadServicesFromConfig(ModuleUtils.java:148)
	at com.ikanow.aleph2.data_model.utils.ModuleUtils.initialize(ModuleUtils.java:429)
	at com.ikanow.aleph2.data_model.utils.ModuleUtils.createInjector(ModuleUtils.java:449)
	at com.ikanow.aleph2.data_model.utils.ModuleUtils.createTestInjector(ModuleUtils.java:474)
	at com.ikanow.aleph2.data_import.services.TestHarvestContext.injectModules(TestHarvestContext.java:74)
	at sun.reflect.NativeMethodAccessorImpl.invoke0(Native Method)
	at sun.reflect.NativeMethodAccessorImpl.invoke(NativeMethodAccessorImpl.java:62)
	at sun.reflect.DelegatingMethodAccessorImpl.invoke(DelegatingMethodAccessorImpl.java:43)
	at java.lang.reflect.Method.invoke(Method.java:497)
	at org.junit.runners.model.FrameworkMethod$1.runReflectiveCall(FrameworkMethod.java:50)
	at org.junit.internal.runners.model.ReflectiveCallable.run(ReflectiveCallable.java:12)
	at org.junit.runners.model.FrameworkMethod.invokeExplosively(FrameworkMethod.java:47)
	at org.junit.internal.runners.statements.RunBefores.evaluate(RunBefores.java:24)
	at org.junit.runners.ParentRunner.runLeaf(ParentRunner.java:325)
	at org.junit.runners.BlockJUnit4ClassRunner.runChild(BlockJUnit4ClassRunner.java:78)
	at org.junit.runners.BlockJUnit4ClassRunner.runChild(BlockJUnit4ClassRunner.java:57)
	at org.junit.runners.ParentRunner$3.run(ParentRunner.java:290)
	at org.junit.runners.ParentRunner$1.schedule(ParentRunner.java:71)
	at org.junit.runners.ParentRunner.runChildren(ParentRunner.java:288)
	at org.junit.runners.ParentRunner.access$000(ParentRunner.java:58)
	at org.junit.runners.ParentRunner$2.evaluate(ParentRunner.java:268)
	at org.junit.runners.ParentRunner.run(ParentRunner.java:363)
	at org.apache.maven.surefire.junit4.JUnit4Provider.execute(JUnit4Provider.java:252)
	at org.apache.maven.surefire.junit4.JUnit4Provider.executeTestSet(JUnit4Provider.java:141)
	at org.apache.maven.surefire.junit4.JUnit4Provider.invoke(JUnit4Provider.java:112)
	at sun.reflect.NativeMethodAccessorImpl.invoke0(Native Method)
	at sun.reflect.NativeMethodAccessorImpl.invoke(NativeMethodAccessorImpl.java:62)
	at sun.reflect.DelegatingMethodAccessorImpl.invoke(DelegatingMethodAccessorImpl.java:43)
	at java.lang.reflect.Method.invoke(Method.java:497)
	at org.apache.maven.surefire.util.ReflectionUtils.invokeMethodWithArray(ReflectionUtils.java:189)
	at org.apache.maven.surefire.booter.ProviderFactory$ProviderProxy.invoke(ProviderFactory.java:165)
	at org.apache.maven.surefire.booter.ProviderFactory.invokeProvider(ProviderFactory.java:85)
	at org.apache.maven.surefire.booter.ForkedBooter.runSuitesInProcess(ForkedBooter.java:115)
	at org.apache.maven.surefire.booter.ForkedBooter.main(ForkedBooter.java:75)
Caused by: java.lang.ClassNotFoundException: com.ikanow.aleph2.distributed_services.data_model.IJsonSerializable
	at java.net.URLClassLoader.findClass(URLClassLoader.java:381)
	at java.lang.ClassLoader.loadClass(ClassLoader.java:424)
	at sun.misc.Launcher$AppClassLoader.loadClass(Launcher.java:331)
	at java.lang.ClassLoader.loadClass(ClassLoader.java:357)
	... 67 more
</error>
    <system-out>com/ikanow/aleph2/distributed_services/data_model/IJsonSerializable
</system-out>
    <system-err>java.lang.NoClassDefFoundError: com/ikanow/aleph2/distributed_services/data_model/IJsonSerializable
	at java.lang.ClassLoader.defineClass1(Native Method)
	at java.lang.ClassLoader.defineClass(ClassLoader.java:760)
	at java.security.SecureClassLoader.defineClass(SecureClassLoader.java:142)
	at java.net.URLClassLoader.defineClass(URLClassLoader.java:467)
	at java.net.URLClassLoader.access$100(URLClassLoader.java:73)
	at java.net.URLClassLoader$1.run(URLClassLoader.java:368)
	at java.net.URLClassLoader$1.run(URLClassLoader.java:362)
	at java.security.AccessController.doPrivileged(Native Method)
	at java.net.URLClassLoader.findClass(URLClassLoader.java:361)
	at java.lang.ClassLoader.loadClass(ClassLoader.java:424)
	at sun.misc.Launcher$AppClassLoader.loadClass(Launcher.java:331)
	at java.lang.ClassLoader.loadClass(ClassLoader.java:357)
	at java.lang.Class.getDeclaredConstructors0(Native Method)
	at java.lang.Class.privateGetDeclaredConstructors(Class.java:2671)
	at java.lang.Class.getDeclaredConstructors(Class.java:2020)
	at com.google.inject.spi.InjectionPoint.forConstructorOf(InjectionPoint.java:243)
	at com.google.inject.internal.ConstructorBindingImpl.create(ConstructorBindingImpl.java:96)
	at com.google.inject.internal.InjectorImpl.createUninitializedBinding(InjectorImpl.java:629)
	at com.google.inject.internal.UntargettedBindingProcessor$1.visit(UntargettedBindingProcessor.java:51)
	at com.google.inject.internal.UntargettedBindingProcessor$1.visit(UntargettedBindingProcessor.java:35)
	at com.google.inject.internal.UntargettedBindingImpl.acceptTargetVisitor(UntargettedBindingImpl.java:42)
	at com.google.inject.internal.UntargettedBindingProcessor.visit(UntargettedBindingProcessor.java:35)
	at com.google.inject.internal.UntargettedBindingProcessor.visit(UntargettedBindingProcessor.java:27)
	at com.google.inject.internal.BindingImpl.acceptVisitor(BindingImpl.java:93)
	at com.google.inject.internal.AbstractProcessor.process(AbstractProcessor.java:55)
	at com.google.inject.internal.InjectorShell$Builder.build(InjectorShell.java:178)
	at com.google.inject.internal.InternalInjectorCreator.build(InternalInjectorCreator.java:103)
	at com.google.inject.internal.InjectorImpl.createChildInjector(InjectorImpl.java:217)
	at com.ikanow.aleph2.data_model.utils.ModuleUtils.bindServiceEntry(ModuleUtils.java:239)
	at com.ikanow.aleph2.data_model.utils.ModuleUtils.lambda$loadServicesFromConfig$199(ModuleUtils.java:154)
	at com.ikanow.aleph2.data_model.utils.ModuleUtils$$Lambda$8/1970528559.accept(Unknown Source)
	at java.util.ArrayList$ArrayListSpliterator.forEachRemaining(ArrayList.java:1374)
	at java.util.stream.ReferencePipeline$Head.forEach(ReferencePipeline.java:580)
	at com.ikanow.aleph2.data_model.utils.ModuleUtils.loadServicesFromConfig(ModuleUtils.java:148)
	at com.ikanow.aleph2.data_model.utils.ModuleUtils.initialize(ModuleUtils.java:429)
	at com.ikanow.aleph2.data_model.utils.ModuleUtils.createInjector(ModuleUtils.java:449)
	at com.ikanow.aleph2.data_model.utils.ModuleUtils.createTestInjector(ModuleUtils.java:474)
	at com.ikanow.aleph2.data_import.services.TestHarvestContext.injectModules(TestHarvestContext.java:74)
	at sun.reflect.NativeMethodAccessorImpl.invoke0(Native Method)
	at sun.reflect.NativeMethodAccessorImpl.invoke(NativeMethodAccessorImpl.java:62)
	at sun.reflect.DelegatingMethodAccessorImpl.invoke(DelegatingMethodAccessorImpl.java:43)
	at java.lang.reflect.Method.invoke(Method.java:497)
	at org.junit.runners.model.FrameworkMethod$1.runReflectiveCall(FrameworkMethod.java:50)
	at org.junit.internal.runners.model.ReflectiveCallable.run(ReflectiveCallable.java:12)
	at org.junit.runners.model.FrameworkMethod.invokeExplosively(FrameworkMethod.java:47)
	at org.junit.internal.runners.statements.RunBefores.evaluate(RunBefores.java:24)
	at org.junit.runners.ParentRunner.runLeaf(ParentRunner.java:325)
	at org.junit.runners.BlockJUnit4ClassRunner.runChild(BlockJUnit4ClassRunner.java:78)
	at org.junit.runners.BlockJUnit4ClassRunner.runChild(BlockJUnit4ClassRunner.java:57)
	at org.junit.runners.ParentRunner$3.run(ParentRunner.java:290)
	at org.junit.runners.ParentRunner$1.schedule(ParentRunner.java:71)
	at org.junit.runners.ParentRunner.runChildren(ParentRunner.java:288)
	at org.junit.runners.ParentRunner.access$000(ParentRunner.java:58)
	at org.junit.runners.ParentRunner$2.evaluate(ParentRunner.java:268)
	at org.junit.runners.ParentRunner.run(ParentRunner.java:363)
	at org.apache.maven.surefire.junit4.JUnit4Provider.execute(JUnit4Provider.java:252)
	at org.apache.maven.surefire.junit4.JUnit4Provider.executeTestSet(JUnit4Provider.java:141)
	at org.apache.maven.surefire.junit4.JUnit4Provider.invoke(JUnit4Provider.java:112)
	at sun.reflect.NativeMethodAccessorImpl.invoke0(Native Method)
	at sun.reflect.NativeMethodAccessorImpl.invoke(NativeMethodAccessorImpl.java:62)
	at sun.reflect.DelegatingMethodAccessorImpl.invoke(DelegatingMethodAccessorImpl.java:43)
	at java.lang.reflect.Method.invoke(Method.java:497)
	at org.apache.maven.surefire.util.ReflectionUtils.invokeMethodWithArray(ReflectionUtils.java:189)
	at org.apache.maven.surefire.booter.ProviderFactory$ProviderProxy.invoke(ProviderFactory.java:165)
	at org.apache.maven.surefire.booter.ProviderFactory.invokeProvider(ProviderFactory.java:85)
	at org.apache.maven.surefire.booter.ForkedBooter.runSuitesInProcess(ForkedBooter.java:115)
	at org.apache.maven.surefire.booter.ForkedBooter.main(ForkedBooter.java:75)
Caused by: java.lang.ClassNotFoundException: com.ikanow.aleph2.distributed_services.data_model.IJsonSerializable
	at java.net.URLClassLoader.findClass(URLClassLoader.java:381)
	at java.lang.ClassLoader.loadClass(ClassLoader.java:424)
	at sun.misc.Launcher$AppClassLoader.loadClass(Launcher.java:331)
	at java.lang.ClassLoader.loadClass(ClassLoader.java:357)
	... 67 more
</system-err>
  </testcase>
  <testcase classname="com.ikanow.aleph2.data_import.services.TestHarvestContext" name="test_externalContextCreation" time="0.024">
    <error message="com/ikanow/aleph2/distributed_services/data_model/IJsonSerializable" type="java.lang.NoClassDefFoundError">java.lang.NoClassDefFoundError: com/ikanow/aleph2/distributed_services/data_model/IJsonSerializable
	at java.lang.ClassLoader.defineClass1(Native Method)
	at java.lang.ClassLoader.defineClass(ClassLoader.java:760)
	at java.security.SecureClassLoader.defineClass(SecureClassLoader.java:142)
	at java.net.URLClassLoader.defineClass(URLClassLoader.java:467)
	at java.net.URLClassLoader.access$100(URLClassLoader.java:73)
	at java.net.URLClassLoader$1.run(URLClassLoader.java:368)
	at java.net.URLClassLoader$1.run(URLClassLoader.java:362)
	at java.security.AccessController.doPrivileged(Native Method)
	at java.net.URLClassLoader.findClass(URLClassLoader.java:361)
	at java.lang.ClassLoader.loadClass(ClassLoader.java:424)
	at sun.misc.Launcher$AppClassLoader.loadClass(Launcher.java:331)
	at java.lang.ClassLoader.loadClass(ClassLoader.java:357)
	at java.lang.Class.getDeclaredConstructors0(Native Method)
	at java.lang.Class.privateGetDeclaredConstructors(Class.java:2671)
	at java.lang.Class.getDeclaredConstructors(Class.java:2020)
	at com.google.inject.spi.InjectionPoint.forConstructorOf(InjectionPoint.java:243)
	at com.google.inject.internal.ConstructorBindingImpl.create(ConstructorBindingImpl.java:96)
	at com.google.inject.internal.InjectorImpl.createUninitializedBinding(InjectorImpl.java:629)
	at com.google.inject.internal.UntargettedBindingProcessor$1.visit(UntargettedBindingProcessor.java:51)
	at com.google.inject.internal.UntargettedBindingProcessor$1.visit(UntargettedBindingProcessor.java:35)
	at com.google.inject.internal.UntargettedBindingImpl.acceptTargetVisitor(UntargettedBindingImpl.java:42)
	at com.google.inject.internal.UntargettedBindingProcessor.visit(UntargettedBindingProcessor.java:35)
	at com.google.inject.internal.UntargettedBindingProcessor.visit(UntargettedBindingProcessor.java:27)
	at com.google.inject.internal.BindingImpl.acceptVisitor(BindingImpl.java:93)
	at com.google.inject.internal.AbstractProcessor.process(AbstractProcessor.java:55)
	at com.google.inject.internal.InjectorShell$Builder.build(InjectorShell.java:178)
	at com.google.inject.internal.InternalInjectorCreator.build(InternalInjectorCreator.java:103)
	at com.google.inject.internal.InjectorImpl.createChildInjector(InjectorImpl.java:217)
	at com.ikanow.aleph2.data_model.utils.ModuleUtils.bindServiceEntry(ModuleUtils.java:239)
	at com.ikanow.aleph2.data_model.utils.ModuleUtils.lambda$loadServicesFromConfig$199(ModuleUtils.java:154)
	at com.ikanow.aleph2.data_model.utils.ModuleUtils$$Lambda$8/1970528559.accept(Unknown Source)
	at java.util.ArrayList$ArrayListSpliterator.forEachRemaining(ArrayList.java:1374)
	at java.util.stream.ReferencePipeline$Head.forEach(ReferencePipeline.java:580)
	at com.ikanow.aleph2.data_model.utils.ModuleUtils.loadServicesFromConfig(ModuleUtils.java:148)
	at com.ikanow.aleph2.data_model.utils.ModuleUtils.initialize(ModuleUtils.java:429)
	at com.ikanow.aleph2.data_model.utils.ModuleUtils.createInjector(ModuleUtils.java:449)
	at com.ikanow.aleph2.data_model.utils.ModuleUtils.createTestInjector(ModuleUtils.java:474)
	at com.ikanow.aleph2.data_import.services.TestHarvestContext.injectModules(TestHarvestContext.java:74)
	at sun.reflect.NativeMethodAccessorImpl.invoke0(Native Method)
	at sun.reflect.NativeMethodAccessorImpl.invoke(NativeMethodAccessorImpl.java:62)
	at sun.reflect.DelegatingMethodAccessorImpl.invoke(DelegatingMethodAccessorImpl.java:43)
	at java.lang.reflect.Method.invoke(Method.java:497)
	at org.junit.runners.model.FrameworkMethod$1.runReflectiveCall(FrameworkMethod.java:50)
	at org.junit.internal.runners.model.ReflectiveCallable.run(ReflectiveCallable.java:12)
	at org.junit.runners.model.FrameworkMethod.invokeExplosively(FrameworkMethod.java:47)
	at org.junit.internal.runners.statements.RunBefores.evaluate(RunBefores.java:24)
	at org.junit.runners.ParentRunner.runLeaf(ParentRunner.java:325)
	at org.junit.runners.BlockJUnit4ClassRunner.runChild(BlockJUnit4ClassRunner.java:78)
	at org.junit.runners.BlockJUnit4ClassRunner.runChild(BlockJUnit4ClassRunner.java:57)
	at org.junit.runners.ParentRunner$3.run(ParentRunner.java:290)
	at org.junit.runners.ParentRunner$1.schedule(ParentRunner.java:71)
	at org.junit.runners.ParentRunner.runChildren(ParentRunner.java:288)
	at org.junit.runners.ParentRunner.access$000(ParentRunner.java:58)
	at org.junit.runners.ParentRunner$2.evaluate(ParentRunner.java:268)
	at org.junit.runners.ParentRunner.run(ParentRunner.java:363)
	at org.apache.maven.surefire.junit4.JUnit4Provider.execute(JUnit4Provider.java:252)
	at org.apache.maven.surefire.junit4.JUnit4Provider.executeTestSet(JUnit4Provider.java:141)
	at org.apache.maven.surefire.junit4.JUnit4Provider.invoke(JUnit4Provider.java:112)
	at sun.reflect.NativeMethodAccessorImpl.invoke0(Native Method)
	at sun.reflect.NativeMethodAccessorImpl.invoke(NativeMethodAccessorImpl.java:62)
	at sun.reflect.DelegatingMethodAccessorImpl.invoke(DelegatingMethodAccessorImpl.java:43)
	at java.lang.reflect.Method.invoke(Method.java:497)
	at org.apache.maven.surefire.util.ReflectionUtils.invokeMethodWithArray(ReflectionUtils.java:189)
	at org.apache.maven.surefire.booter.ProviderFactory$ProviderProxy.invoke(ProviderFactory.java:165)
	at org.apache.maven.surefire.booter.ProviderFactory.invokeProvider(ProviderFactory.java:85)
	at org.apache.maven.surefire.booter.ForkedBooter.runSuitesInProcess(ForkedBooter.java:115)
	at org.apache.maven.surefire.booter.ForkedBooter.main(ForkedBooter.java:75)
Caused by: java.lang.ClassNotFoundException: com.ikanow.aleph2.distributed_services.data_model.IJsonSerializable
	at java.net.URLClassLoader.findClass(URLClassLoader.java:381)
	at java.lang.ClassLoader.loadClass(ClassLoader.java:424)
	at sun.misc.Launcher$AppClassLoader.loadClass(Launcher.java:331)
	at java.lang.ClassLoader.loadClass(ClassLoader.java:357)
	... 67 more
</error>
    <system-out>com/ikanow/aleph2/distributed_services/data_model/IJsonSerializable
</system-out>
    <system-err>java.lang.NoClassDefFoundError: com/ikanow/aleph2/distributed_services/data_model/IJsonSerializable
	at java.lang.ClassLoader.defineClass1(Native Method)
	at java.lang.ClassLoader.defineClass(ClassLoader.java:760)
	at java.security.SecureClassLoader.defineClass(SecureClassLoader.java:142)
	at java.net.URLClassLoader.defineClass(URLClassLoader.java:467)
	at java.net.URLClassLoader.access$100(URLClassLoader.java:73)
	at java.net.URLClassLoader$1.run(URLClassLoader.java:368)
	at java.net.URLClassLoader$1.run(URLClassLoader.java:362)
	at java.security.AccessController.doPrivileged(Native Method)
	at java.net.URLClassLoader.findClass(URLClassLoader.java:361)
	at java.lang.ClassLoader.loadClass(ClassLoader.java:424)
	at sun.misc.Launcher$AppClassLoader.loadClass(Launcher.java:331)
	at java.lang.ClassLoader.loadClass(ClassLoader.java:357)
	at java.lang.Class.getDeclaredConstructors0(Native Method)
	at java.lang.Class.privateGetDeclaredConstructors(Class.java:2671)
	at java.lang.Class.getDeclaredConstructors(Class.java:2020)
	at com.google.inject.spi.InjectionPoint.forConstructorOf(InjectionPoint.java:243)
	at com.google.inject.internal.ConstructorBindingImpl.create(ConstructorBindingImpl.java:96)
	at com.google.inject.internal.InjectorImpl.createUninitializedBinding(InjectorImpl.java:629)
	at com.google.inject.internal.UntargettedBindingProcessor$1.visit(UntargettedBindingProcessor.java:51)
	at com.google.inject.internal.UntargettedBindingProcessor$1.visit(UntargettedBindingProcessor.java:35)
	at com.google.inject.internal.UntargettedBindingImpl.acceptTargetVisitor(UntargettedBindingImpl.java:42)
	at com.google.inject.internal.UntargettedBindingProcessor.visit(UntargettedBindingProcessor.java:35)
	at com.google.inject.internal.UntargettedBindingProcessor.visit(UntargettedBindingProcessor.java:27)
	at com.google.inject.internal.BindingImpl.acceptVisitor(BindingImpl.java:93)
	at com.google.inject.internal.AbstractProcessor.process(AbstractProcessor.java:55)
	at com.google.inject.internal.InjectorShell$Builder.build(InjectorShell.java:178)
	at com.google.inject.internal.InternalInjectorCreator.build(InternalInjectorCreator.java:103)
	at com.google.inject.internal.InjectorImpl.createChildInjector(InjectorImpl.java:217)
	at com.ikanow.aleph2.data_model.utils.ModuleUtils.bindServiceEntry(ModuleUtils.java:239)
	at com.ikanow.aleph2.data_model.utils.ModuleUtils.lambda$loadServicesFromConfig$199(ModuleUtils.java:154)
	at com.ikanow.aleph2.data_model.utils.ModuleUtils$$Lambda$8/1970528559.accept(Unknown Source)
	at java.util.ArrayList$ArrayListSpliterator.forEachRemaining(ArrayList.java:1374)
	at java.util.stream.ReferencePipeline$Head.forEach(ReferencePipeline.java:580)
	at com.ikanow.aleph2.data_model.utils.ModuleUtils.loadServicesFromConfig(ModuleUtils.java:148)
	at com.ikanow.aleph2.data_model.utils.ModuleUtils.initialize(ModuleUtils.java:429)
	at com.ikanow.aleph2.data_model.utils.ModuleUtils.createInjector(ModuleUtils.java:449)
	at com.ikanow.aleph2.data_model.utils.ModuleUtils.createTestInjector(ModuleUtils.java:474)
	at com.ikanow.aleph2.data_import.services.TestHarvestContext.injectModules(TestHarvestContext.java:74)
	at sun.reflect.NativeMethodAccessorImpl.invoke0(Native Method)
	at sun.reflect.NativeMethodAccessorImpl.invoke(NativeMethodAccessorImpl.java:62)
	at sun.reflect.DelegatingMethodAccessorImpl.invoke(DelegatingMethodAccessorImpl.java:43)
	at java.lang.reflect.Method.invoke(Method.java:497)
	at org.junit.runners.model.FrameworkMethod$1.runReflectiveCall(FrameworkMethod.java:50)
	at org.junit.internal.runners.model.ReflectiveCallable.run(ReflectiveCallable.java:12)
	at org.junit.runners.model.FrameworkMethod.invokeExplosively(FrameworkMethod.java:47)
	at org.junit.internal.runners.statements.RunBefores.evaluate(RunBefores.java:24)
	at org.junit.runners.ParentRunner.runLeaf(ParentRunner.java:325)
	at org.junit.runners.BlockJUnit4ClassRunner.runChild(BlockJUnit4ClassRunner.java:78)
	at org.junit.runners.BlockJUnit4ClassRunner.runChild(BlockJUnit4ClassRunner.java:57)
	at org.junit.runners.ParentRunner$3.run(ParentRunner.java:290)
	at org.junit.runners.ParentRunner$1.schedule(ParentRunner.java:71)
	at org.junit.runners.ParentRunner.runChildren(ParentRunner.java:288)
	at org.junit.runners.ParentRunner.access$000(ParentRunner.java:58)
	at org.junit.runners.ParentRunner$2.evaluate(ParentRunner.java:268)
	at org.junit.runners.ParentRunner.run(ParentRunner.java:363)
	at org.apache.maven.surefire.junit4.JUnit4Provider.execute(JUnit4Provider.java:252)
	at org.apache.maven.surefire.junit4.JUnit4Provider.executeTestSet(JUnit4Provider.java:141)
	at org.apache.maven.surefire.junit4.JUnit4Provider.invoke(JUnit4Provider.java:112)
	at sun.reflect.NativeMethodAccessorImpl.invoke0(Native Method)
	at sun.reflect.NativeMethodAccessorImpl.invoke(NativeMethodAccessorImpl.java:62)
	at sun.reflect.DelegatingMethodAccessorImpl.invoke(DelegatingMethodAccessorImpl.java:43)
	at java.lang.reflect.Method.invoke(Method.java:497)
	at org.apache.maven.surefire.util.ReflectionUtils.invokeMethodWithArray(ReflectionUtils.java:189)
	at org.apache.maven.surefire.booter.ProviderFactory$ProviderProxy.invoke(ProviderFactory.java:165)
	at org.apache.maven.surefire.booter.ProviderFactory.invokeProvider(ProviderFactory.java:85)
	at org.apache.maven.surefire.booter.ForkedBooter.runSuitesInProcess(ForkedBooter.java:115)
	at org.apache.maven.surefire.booter.ForkedBooter.main(ForkedBooter.java:75)
Caused by: java.lang.ClassNotFoundException: com.ikanow.aleph2.distributed_services.data_model.IJsonSerializable
	at java.net.URLClassLoader.findClass(URLClassLoader.java:381)
	at java.lang.ClassLoader.loadClass(ClassLoader.java:424)
	at sun.misc.Launcher$AppClassLoader.loadClass(Launcher.java:331)
	at java.lang.ClassLoader.loadClass(ClassLoader.java:357)
	... 67 more
</system-err>
  </testcase>
</testsuite>